{"uid":"b848087519529edf","name":"SearchProducts_and_VerifyCartAfterLogin","fullName":"Product_TestCases.SearchProduct_CartLogin.SearchProducts_and_VerifyCartAfterLogin","historyId":"7122dc077b858fed3dffa197e86e69fe","time":{"start":1758530228359,"stop":1758530241467,"duration":13108},"description":"This test case examines that the cart contains the searched products after logging in","descriptionHtml":"<p>This test case examines that the cart contains the searched products after logging in</p>\n","status":"failed","statusMessage":"Product 'rs. 1200\nlittle girls mr. panda shirt\nadd to cart\nview product' does not contain search keyword: Top expected [true] but found [false]","statusTrace":"java.lang.AssertionError: Product 'rs. 1200\nlittle girls mr. panda shirt\nadd to cart\nview product' does not contain search keyword: Top expected [true] but found [false]\r\n\tat org.testng.Assert.fail(Assert.java:111)\r\n\tat org.testng.Assert.failNotEquals(Assert.java:1590)\r\n\tat org.testng.Assert.assertTrue(Assert.java:57)\r\n\tat Product_TestCases.SearchProduct_CartLogin.validateSearchResultsContainKeyword(SearchProduct_CartLogin.java:303)\r\n\tat Product_TestCases.SearchProduct_CartLogin.SearchProducts_and_VerifyCartAfterLogin(SearchProduct_CartLogin.java:247)\r\n\tat java.base/jdk.internal.reflect.DirectMethodHandleAccessor.invoke(DirectMethodHandleAccessor.java:104)\r\n\tat java.base/java.lang.reflect.Method.invoke(Method.java:565)\r\n\tat org.testng.internal.invokers.MethodInvocationHelper.invokeMethod(MethodInvocationHelper.java:141)\r\n\tat org.testng.internal.invokers.TestInvoker.invokeMethod(TestInvoker.java:687)\r\n\tat org.testng.internal.invokers.TestInvoker.invokeTestMethod(TestInvoker.java:230)\r\n\tat org.testng.internal.invokers.MethodRunner.runInSequence(MethodRunner.java:63)\r\n\tat org.testng.internal.invokers.TestInvoker$MethodInvocationAgent.invoke(TestInvoker.java:995)\r\n\tat org.testng.internal.invokers.TestInvoker.invokeTestMethods(TestInvoker.java:203)\r\n\tat org.testng.internal.invokers.TestMethodWorker.invokeTestMethods(TestMethodWorker.java:154)\r\n\tat org.testng.internal.invokers.TestMethodWorker.run(TestMethodWorker.java:134)\r\n\tat java.base/java.util.ArrayList.forEach(ArrayList.java:1604)\r\n\tat org.testng.TestRunner.privateRun(TestRunner.java:741)\r\n\tat org.testng.TestRunner.run(TestRunner.java:616)\r\n\tat org.testng.SuiteRunner.runTest(SuiteRunner.java:421)\r\n\tat org.testng.SuiteRunner.runSequentially(SuiteRunner.java:413)\r\n\tat org.testng.SuiteRunner.privateRun(SuiteRunner.java:373)\r\n\tat org.testng.SuiteRunner.run(SuiteRunner.java:312)\r\n\tat org.testng.SuiteRunnerWorker.runSuite(SuiteRunnerWorker.java:52)\r\n\tat org.testng.SuiteRunnerWorker.run(SuiteRunnerWorker.java:95)\r\n\tat org.testng.TestNG.runSuitesSequentially(TestNG.java:1274)\r\n\tat org.testng.TestNG.runSuitesLocally(TestNG.java:1208)\r\n\tat org.testng.TestNG.runSuites(TestNG.java:1112)\r\n\tat org.testng.TestNG.run(TestNG.java:1079)\r\n\tat org.apache.maven.surefire.testng.TestNGExecutor.run(TestNGExecutor.java:308)\r\n\tat org.apache.maven.surefire.testng.TestNGXmlTestSuite.execute(TestNGXmlTestSuite.java:71)\r\n\tat org.apache.maven.surefire.testng.TestNGProvider.invoke(TestNGProvider.java:113)\r\n\tat org.apache.maven.surefire.booter.ForkedBooter.runSuitesInProcess(ForkedBooter.java:385)\r\n\tat org.apache.maven.surefire.booter.ForkedBooter.execute(ForkedBooter.java:162)\r\n\tat org.apache.maven.surefire.booter.ForkedBooter.run(ForkedBooter.java:507)\r\n\tat org.apache.maven.surefire.booter.ForkedBooter.main(ForkedBooter.java:495)\r\n","flaky":false,"newFailed":false,"newBroken":false,"newPassed":false,"retriesCount":0,"retriesStatusChange":false,"beforeStages":[{"name":"setUpClass","time":{"start":1758530179462,"stop":1758530179478,"duration":16},"description":"","status":"passed","steps":[],"attachments":[],"parameters":[],"attachmentStep":false,"hasContent":false,"stepsCount":0,"shouldDisplayMessage":false,"attachmentsCount":0},{"name":"setUpMethod","time":{"start":1758530222465,"stop":1758530228346,"duration":5881},"description":"This is a method that runs before the class to initialize the browser and assert that the required pages opens","status":"passed","steps":[],"attachments":[],"parameters":[],"attachmentStep":false,"hasContent":false,"stepsCount":0,"shouldDisplayMessage":false,"attachmentsCount":0}],"testStage":{"description":"This test case examines that the cart contains the searched products after logging in","status":"failed","statusMessage":"Product 'rs. 1200\nlittle girls mr. panda shirt\nadd to cart\nview product' does not contain search keyword: Top expected [true] but found [false]","statusTrace":"java.lang.AssertionError: Product 'rs. 1200\nlittle girls mr. panda shirt\nadd to cart\nview product' does not contain search keyword: Top expected [true] but found [false]\r\n\tat org.testng.Assert.fail(Assert.java:111)\r\n\tat org.testng.Assert.failNotEquals(Assert.java:1590)\r\n\tat org.testng.Assert.assertTrue(Assert.java:57)\r\n\tat Product_TestCases.SearchProduct_CartLogin.validateSearchResultsContainKeyword(SearchProduct_CartLogin.java:303)\r\n\tat Product_TestCases.SearchProduct_CartLogin.SearchProducts_and_VerifyCartAfterLogin(SearchProduct_CartLogin.java:247)\r\n\tat java.base/jdk.internal.reflect.DirectMethodHandleAccessor.invoke(DirectMethodHandleAccessor.java:104)\r\n\tat java.base/java.lang.reflect.Method.invoke(Method.java:565)\r\n\tat org.testng.internal.invokers.MethodInvocationHelper.invokeMethod(MethodInvocationHelper.java:141)\r\n\tat org.testng.internal.invokers.TestInvoker.invokeMethod(TestInvoker.java:687)\r\n\tat org.testng.internal.invokers.TestInvoker.invokeTestMethod(TestInvoker.java:230)\r\n\tat org.testng.internal.invokers.MethodRunner.runInSequence(MethodRunner.java:63)\r\n\tat org.testng.internal.invokers.TestInvoker$MethodInvocationAgent.invoke(TestInvoker.java:995)\r\n\tat org.testng.internal.invokers.TestInvoker.invokeTestMethods(TestInvoker.java:203)\r\n\tat org.testng.internal.invokers.TestMethodWorker.invokeTestMethods(TestMethodWorker.java:154)\r\n\tat org.testng.internal.invokers.TestMethodWorker.run(TestMethodWorker.java:134)\r\n\tat java.base/java.util.ArrayList.forEach(ArrayList.java:1604)\r\n\tat org.testng.TestRunner.privateRun(TestRunner.java:741)\r\n\tat org.testng.TestRunner.run(TestRunner.java:616)\r\n\tat org.testng.SuiteRunner.runTest(SuiteRunner.java:421)\r\n\tat org.testng.SuiteRunner.runSequentially(SuiteRunner.java:413)\r\n\tat org.testng.SuiteRunner.privateRun(SuiteRunner.java:373)\r\n\tat org.testng.SuiteRunner.run(SuiteRunner.java:312)\r\n\tat org.testng.SuiteRunnerWorker.runSuite(SuiteRunnerWorker.java:52)\r\n\tat org.testng.SuiteRunnerWorker.run(SuiteRunnerWorker.java:95)\r\n\tat org.testng.TestNG.runSuitesSequentially(TestNG.java:1274)\r\n\tat org.testng.TestNG.runSuitesLocally(TestNG.java:1208)\r\n\tat org.testng.TestNG.runSuites(TestNG.java:1112)\r\n\tat org.testng.TestNG.run(TestNG.java:1079)\r\n\tat org.apache.maven.surefire.testng.TestNGExecutor.run(TestNGExecutor.java:308)\r\n\tat org.apache.maven.surefire.testng.TestNGXmlTestSuite.execute(TestNGXmlTestSuite.java:71)\r\n\tat org.apache.maven.surefire.testng.TestNGProvider.invoke(TestNGProvider.java:113)\r\n\tat org.apache.maven.surefire.booter.ForkedBooter.runSuitesInProcess(ForkedBooter.java:385)\r\n\tat org.apache.maven.surefire.booter.ForkedBooter.execute(ForkedBooter.java:162)\r\n\tat org.apache.maven.surefire.booter.ForkedBooter.run(ForkedBooter.java:507)\r\n\tat org.apache.maven.surefire.booter.ForkedBooter.main(ForkedBooter.java:495)\r\n","steps":[{"name":"Open Products page","time":{"start":1758530228360,"stop":1758530237828,"duration":9468},"status":"passed","steps":[],"attachments":[{"uid":"946c3d4aff0cef00","name":"Products Page Opened","source":"946c3d4aff0cef00.png","type":"image/png","size":109963}],"parameters":[],"attachmentStep":false,"hasContent":true,"stepsCount":0,"shouldDisplayMessage":false,"attachmentsCount":1},{"name":"Verify 'ALL PRODUCTS' text is displayed","time":{"start":1758530237828,"stop":1758530238019,"duration":191},"status":"passed","steps":[],"attachments":[{"uid":"63a673f382457989","name":"'ALL PRODUCTS' Text Verified","source":"63a673f382457989.png","type":"image/png","size":109963}],"parameters":[],"attachmentStep":false,"hasContent":true,"stepsCount":0,"shouldDisplayMessage":false,"attachmentsCount":1},{"name":"Validate all search results contain keyword from JSON: Top","time":{"start":1758530238019,"stop":1758530241467,"duration":3448},"status":"failed","statusMessage":"Product 'rs. 1200\nlittle girls mr. panda shirt\nadd to cart\nview product' does not contain search keyword: Top expected [true] but found [false]","statusTrace":"java.lang.AssertionError: Product 'rs. 1200\nlittle girls mr. panda shirt\nadd to cart\nview product' does not contain search keyword: Top expected [true] but found [false]\r\n\tat org.testng.Assert.fail(Assert.java:111)\r\n\tat org.testng.Assert.failNotEquals(Assert.java:1590)\r\n\tat org.testng.Assert.assertTrue(Assert.java:57)\r\n\tat Product_TestCases.SearchProduct_CartLogin.validateSearchResultsContainKeyword(SearchProduct_CartLogin.java:303)\r\n\tat Product_TestCases.SearchProduct_CartLogin.SearchProducts_and_VerifyCartAfterLogin(SearchProduct_CartLogin.java:247)\r\n\tat java.base/jdk.internal.reflect.DirectMethodHandleAccessor.invoke(DirectMethodHandleAccessor.java:104)\r\n\tat java.base/java.lang.reflect.Method.invoke(Method.java:565)\r\n\tat org.testng.internal.invokers.MethodInvocationHelper.invokeMethod(MethodInvocationHelper.java:141)\r\n\tat org.testng.internal.invokers.TestInvoker.invokeMethod(TestInvoker.java:687)\r\n\tat org.testng.internal.invokers.TestInvoker.invokeTestMethod(TestInvoker.java:230)\r\n\tat org.testng.internal.invokers.MethodRunner.runInSequence(MethodRunner.java:63)\r\n\tat org.testng.internal.invokers.TestInvoker$MethodInvocationAgent.invoke(TestInvoker.java:995)\r\n\tat org.testng.internal.invokers.TestInvoker.invokeTestMethods(TestInvoker.java:203)\r\n\tat org.testng.internal.invokers.TestMethodWorker.invokeTestMethods(TestMethodWorker.java:154)\r\n\tat org.testng.internal.invokers.TestMethodWorker.run(TestMethodWorker.java:134)\r\n\tat java.base/java.util.ArrayList.forEach(ArrayList.java:1604)\r\n\tat org.testng.TestRunner.privateRun(TestRunner.java:741)\r\n\tat org.testng.TestRunner.run(TestRunner.java:616)\r\n\tat org.testng.SuiteRunner.runTest(SuiteRunner.java:421)\r\n\tat org.testng.SuiteRunner.runSequentially(SuiteRunner.java:413)\r\n\tat org.testng.SuiteRunner.privateRun(SuiteRunner.java:373)\r\n\tat org.testng.SuiteRunner.run(SuiteRunner.java:312)\r\n\tat org.testng.SuiteRunnerWorker.runSuite(SuiteRunnerWorker.java:52)\r\n\tat org.testng.SuiteRunnerWorker.run(SuiteRunnerWorker.java:95)\r\n\tat org.testng.TestNG.runSuitesSequentially(TestNG.java:1274)\r\n\tat org.testng.TestNG.runSuitesLocally(TestNG.java:1208)\r\n\tat org.testng.TestNG.runSuites(TestNG.java:1112)\r\n\tat org.testng.TestNG.run(TestNG.java:1079)\r\n\tat org.apache.maven.surefire.testng.TestNGExecutor.run(TestNGExecutor.java:308)\r\n\tat org.apache.maven.surefire.testng.TestNGXmlTestSuite.execute(TestNGXmlTestSuite.java:71)\r\n\tat org.apache.maven.surefire.testng.TestNGProvider.invoke(TestNGProvider.java:113)\r\n\tat org.apache.maven.surefire.booter.ForkedBooter.runSuitesInProcess(ForkedBooter.java:385)\r\n\tat org.apache.maven.surefire.booter.ForkedBooter.execute(ForkedBooter.java:162)\r\n\tat org.apache.maven.surefire.booter.ForkedBooter.run(ForkedBooter.java:507)\r\n\tat org.apache.maven.surefire.booter.ForkedBooter.main(ForkedBooter.java:495)\r\n","steps":[],"attachments":[{"uid":"868129b7c3601aff","name":"'SEARCHED PRODUCTS' Text Verified","source":"868129b7c3601aff.png","type":"image/png","size":110341}],"parameters":[{"name":"productName","value":"Top"}],"attachmentStep":false,"hasContent":true,"stepsCount":0,"shouldDisplayMessage":true,"attachmentsCount":1}],"attachments":[],"parameters":[],"attachmentStep":false,"hasContent":true,"stepsCount":3,"shouldDisplayMessage":false,"attachmentsCount":3},"afterStages":[{"name":"tearDownMethod","time":{"start":1758530241467,"stop":1758530241811,"duration":344},"description":"","status":"passed","steps":[],"attachments":[],"parameters":[],"attachmentStep":false,"hasContent":false,"stepsCount":0,"shouldDisplayMessage":false,"attachmentsCount":0}],"labels":[{"name":"package","value":"Product_TestCases.SearchProduct_CartLogin"},{"name":"testClass","value":"Product_TestCases.SearchProduct_CartLogin"},{"name":"testMethod","value":"SearchProducts_and_VerifyCartAfterLogin"},{"name":"parentSuite","value":"AutomationExercisesSuite"},{"name":"suite","value":"Product_TestCases"},{"name":"subSuite","value":"Product_TestCases.SearchProduct_CartLogin"},{"name":"host","value":"DESKTOP-TNI7Q4T"},{"name":"thread","value":"2380@DESKTOP-TNI7Q4T.main(3)"},{"name":"framework","value":"testng"},{"name":"language","value":"java"},{"name":"owner","value":"Yahia Allam"},{"name":"severity","value":"normal"},{"name":"resultFormat","value":"allure2"}],"parameters":[{"name":"Products","value":"Product_TestCases.Product@7b3489b7"},{"name":"formData","value":"Product_TestCases.FormUser@5d796665"},{"name":"loginUser","value":"Product_TestCases.LoginUser@4df3b838"},{"name":"testUser","value":"Product_TestCases.SignUpUser@4096a622"}],"links":[{"name":"CAT-003","type":"issue"},{"name":"Website","url":"https://automationexercise.com/","type":"custom"}],"hidden":false,"retry":false,"extra":{"severity":"normal","owner":"Yahia Allam","retries":[],"categories":[{"name":"Product defects","matchedStatuses":[]}],"tags":[]},"source":"b848087519529edf.json","parameterValues":["Product_TestCases.Product@7b3489b7","Product_TestCases.FormUser@5d796665","Product_TestCases.LoginUser@4df3b838","Product_TestCases.SignUpUser@4096a622"]}