{"uid":"f1e877073e91835","name":"PlaceOrderRegisterWhileCheckout","fullName":"Order_TestCases.PlaceOrderRegister.PlaceOrderRegisterWhileCheckout","historyId":"fd3305298d70bbc87efb4079f8e9847f","time":{"start":1758530433857,"stop":1758530456077,"duration":22220},"description":"This test case examines registering an account after placing an order works as intended or not","descriptionHtml":"<p>This test case examines registering an account after placing an order works as intended or not</p>\n","status":"broken","statusMessage":"No Such element By.cssSelector: div.login-form > h2.title","statusTrace":"java.lang.RuntimeException: No Such element By.cssSelector: div.login-form > h2.title\r\n\tat mySeleniumFramework.self_selenium.Locator(self_selenium.java:70)\r\n\tat mySeleniumFramework.self_selenium.getText(self_selenium.java:129)\r\n\tat automationExercise_Pages.CreateNewAccountPage.CreateNewAccountConfirmation(CreateNewAccountPage.java:46)\r\n\tat Order_TestCases.PlaceOrderRegister.verifyCreateNewAccountPage(PlaceOrderRegister.java:194)\r\n\tat Order_TestCases.PlaceOrderRegister.PlaceOrderRegisterWhileCheckout(PlaceOrderRegister.java:151)\r\n\tat java.base/jdk.internal.reflect.DirectMethodHandleAccessor.invoke(DirectMethodHandleAccessor.java:104)\r\n\tat java.base/java.lang.reflect.Method.invoke(Method.java:565)\r\n\tat org.testng.internal.invokers.MethodInvocationHelper.invokeMethod(MethodInvocationHelper.java:141)\r\n\tat org.testng.internal.invokers.TestInvoker.invokeMethod(TestInvoker.java:687)\r\n\tat org.testng.internal.invokers.TestInvoker.invokeTestMethod(TestInvoker.java:230)\r\n\tat org.testng.internal.invokers.MethodRunner.runInSequence(MethodRunner.java:63)\r\n\tat org.testng.internal.invokers.TestInvoker$MethodInvocationAgent.invoke(TestInvoker.java:995)\r\n\tat org.testng.internal.invokers.TestInvoker.invokeTestMethods(TestInvoker.java:203)\r\n\tat org.testng.internal.invokers.TestMethodWorker.invokeTestMethods(TestMethodWorker.java:154)\r\n\tat org.testng.internal.invokers.TestMethodWorker.run(TestMethodWorker.java:134)\r\n\tat java.base/java.util.ArrayList.forEach(ArrayList.java:1604)\r\n\tat org.testng.TestRunner.privateRun(TestRunner.java:741)\r\n\tat org.testng.TestRunner.run(TestRunner.java:616)\r\n\tat org.testng.SuiteRunner.runTest(SuiteRunner.java:421)\r\n\tat org.testng.SuiteRunner.runSequentially(SuiteRunner.java:413)\r\n\tat org.testng.SuiteRunner.privateRun(SuiteRunner.java:373)\r\n\tat org.testng.SuiteRunner.run(SuiteRunner.java:312)\r\n\tat org.testng.SuiteRunnerWorker.runSuite(SuiteRunnerWorker.java:52)\r\n\tat org.testng.SuiteRunnerWorker.run(SuiteRunnerWorker.java:95)\r\n\tat org.testng.TestNG.runSuitesSequentially(TestNG.java:1274)\r\n\tat org.testng.TestNG.runSuitesLocally(TestNG.java:1208)\r\n\tat org.testng.TestNG.runSuites(TestNG.java:1112)\r\n\tat org.testng.TestNG.run(TestNG.java:1079)\r\n\tat org.apache.maven.surefire.testng.TestNGExecutor.run(TestNGExecutor.java:308)\r\n\tat org.apache.maven.surefire.testng.TestNGXmlTestSuite.execute(TestNGXmlTestSuite.java:71)\r\n\tat org.apache.maven.surefire.testng.TestNGProvider.invoke(TestNGProvider.java:113)\r\n\tat org.apache.maven.surefire.booter.ForkedBooter.runSuitesInProcess(ForkedBooter.java:385)\r\n\tat org.apache.maven.surefire.booter.ForkedBooter.execute(ForkedBooter.java:162)\r\n\tat org.apache.maven.surefire.booter.ForkedBooter.run(ForkedBooter.java:507)\r\n\tat org.apache.maven.surefire.booter.ForkedBooter.main(ForkedBooter.java:495)\r\nCaused by: org.openqa.selenium.TimeoutException: Expected condition failed: waiting for presence of element located by: By.cssSelector: div.login-form > h2.title (tried for 10 second(s) with 500 milliseconds interval)\r\n\tat org.openqa.selenium.support.ui.WebDriverWait.timeoutException(WebDriverWait.java:84)\r\n\tat org.openqa.selenium.support.ui.FluentWait.until(FluentWait.java:228)\r\n\tat mySeleniumFramework.self_selenium.Locator(self_selenium.java:68)\r\n\t... 34 more\r\nCaused by: org.openqa.selenium.NoSuchElementException: no such element: Unable to locate element: {\"method\":\"css selector\",\"selector\":\"div.login-form > h2.title\"}\n  (Session info: MicrosoftEdge=140.0.3485.81)\nFor documentation on this error, please visit: https://www.selenium.dev/documentation/webdriver/troubleshooting/errors#no-such-element-exception\nBuild info: version: '4.35.0', revision: '1c58e5028b'\nSystem info: os.name: 'Windows 11', os.arch: 'amd64', os.version: '10.0', java.version: '24.0.1'\nDriver info: org.openqa.selenium.edge.EdgeDriver\nCommand: [fb082eb1fe8f933b0a8b91e7f6107b53, findElement {value=div.login-form > h2.title, using=css selector}]\nCapabilities {acceptInsecureCerts: false, browserName: MicrosoftEdge, browserVersion: 140.0.3485.81, fedcm:accounts: true, ms:edgeOptions: {debuggerAddress: localhost:54791}, msedge: {msedgedriverVersion: 140.0.3485.81 (5f3674d4b466..., userDataDir: C:\\Users\\y_all\\AppData\\Loca...}, networkConnectionEnabled: false, pageLoadStrategy: normal, platformName: windows, proxy: Proxy(), se:cdp: ws://localhost:54791/devtoo..., se:cdpVersion: 140.0.3485.81, setWindowRect: true, strictFileInteractability: false, timeouts: {implicit: 0, pageLoad: 300000, script: 30000}, unhandledPromptBehavior: dismiss and notify, webauthn:extension:credBlob: true, webauthn:extension:largeBlob: true, webauthn:extension:minPinLength: true, webauthn:extension:prf: true, webauthn:virtualAuthenticators: true}\nSession ID: fb082eb1fe8f933b0a8b91e7f6107b53\r\n\tat java.base/jdk.internal.reflect.DirectConstructorHandleAccessor.newInstance(DirectConstructorHandleAccessor.java:62)\r\n\tat java.base/java.lang.reflect.Constructor.newInstanceWithCaller(Constructor.java:499)\r\n\tat java.base/java.lang.reflect.Constructor.newInstance(Constructor.java:483)\r\n\tat org.openqa.selenium.remote.ErrorCodec.decode(ErrorCodec.java:167)\r\n\tat org.openqa.selenium.remote.codec.w3c.W3CHttpResponseCodec.decode(W3CHttpResponseCodec.java:138)\r\n\tat org.openqa.selenium.remote.codec.w3c.W3CHttpResponseCodec.decode(W3CHttpResponseCodec.java:50)\r\n\tat org.openqa.selenium.remote.HttpCommandExecutor.execute(HttpCommandExecutor.java:215)\r\n\tat org.openqa.selenium.remote.service.DriverCommandExecutor.invokeExecute(DriverCommandExecutor.java:216)\r\n\tat org.openqa.selenium.remote.service.DriverCommandExecutor.execute(DriverCommandExecutor.java:174)\r\n\tat org.openqa.selenium.remote.RemoteWebDriver.execute(RemoteWebDriver.java:557)\r\n\tat org.openqa.selenium.remote.ElementLocation$ElementFinder$2.findElement(ElementLocation.java:165)\r\n\tat org.openqa.selenium.remote.ElementLocation.findElement(ElementLocation.java:59)\r\n\tat org.openqa.selenium.remote.RemoteWebDriver.findElement(RemoteWebDriver.java:380)\r\n\tat org.openqa.selenium.remote.RemoteWebDriver.findElement(RemoteWebDriver.java:374)\r\n\tat org.openqa.selenium.support.ui.ExpectedConditions$6.apply(ExpectedConditions.java:171)\r\n\tat org.openqa.selenium.support.ui.ExpectedConditions$6.apply(ExpectedConditions.java:168)\r\n\tat org.openqa.selenium.support.ui.FluentWait.until(FluentWait.java:203)\r\n\t... 35 more\r\n","flaky":false,"newFailed":false,"newBroken":false,"newPassed":false,"retriesCount":0,"retriesStatusChange":false,"beforeStages":[{"name":"setUpClass","time":{"start":1758530392950,"stop":1758530392950,"duration":0},"description":"","status":"passed","steps":[],"attachments":[],"parameters":[],"attachmentStep":false,"hasContent":false,"stepsCount":0,"shouldDisplayMessage":false,"attachmentsCount":0},{"name":"setUpMethod","time":{"start":1758530425946,"stop":1758530433846,"duration":7900},"description":"This is a method that runs before the class to initialize the browser and assert that the required pages opens","status":"passed","steps":[],"attachments":[],"parameters":[],"attachmentStep":false,"hasContent":false,"stepsCount":0,"shouldDisplayMessage":false,"attachmentsCount":0}],"testStage":{"description":"This test case examines registering an account after placing an order works as intended or not","status":"broken","statusMessage":"No Such element By.cssSelector: div.login-form > h2.title","statusTrace":"java.lang.RuntimeException: No Such element By.cssSelector: div.login-form > h2.title\r\n\tat mySeleniumFramework.self_selenium.Locator(self_selenium.java:70)\r\n\tat mySeleniumFramework.self_selenium.getText(self_selenium.java:129)\r\n\tat automationExercise_Pages.CreateNewAccountPage.CreateNewAccountConfirmation(CreateNewAccountPage.java:46)\r\n\tat Order_TestCases.PlaceOrderRegister.verifyCreateNewAccountPage(PlaceOrderRegister.java:194)\r\n\tat Order_TestCases.PlaceOrderRegister.PlaceOrderRegisterWhileCheckout(PlaceOrderRegister.java:151)\r\n\tat java.base/jdk.internal.reflect.DirectMethodHandleAccessor.invoke(DirectMethodHandleAccessor.java:104)\r\n\tat java.base/java.lang.reflect.Method.invoke(Method.java:565)\r\n\tat org.testng.internal.invokers.MethodInvocationHelper.invokeMethod(MethodInvocationHelper.java:141)\r\n\tat org.testng.internal.invokers.TestInvoker.invokeMethod(TestInvoker.java:687)\r\n\tat org.testng.internal.invokers.TestInvoker.invokeTestMethod(TestInvoker.java:230)\r\n\tat org.testng.internal.invokers.MethodRunner.runInSequence(MethodRunner.java:63)\r\n\tat org.testng.internal.invokers.TestInvoker$MethodInvocationAgent.invoke(TestInvoker.java:995)\r\n\tat org.testng.internal.invokers.TestInvoker.invokeTestMethods(TestInvoker.java:203)\r\n\tat org.testng.internal.invokers.TestMethodWorker.invokeTestMethods(TestMethodWorker.java:154)\r\n\tat org.testng.internal.invokers.TestMethodWorker.run(TestMethodWorker.java:134)\r\n\tat java.base/java.util.ArrayList.forEach(ArrayList.java:1604)\r\n\tat org.testng.TestRunner.privateRun(TestRunner.java:741)\r\n\tat org.testng.TestRunner.run(TestRunner.java:616)\r\n\tat org.testng.SuiteRunner.runTest(SuiteRunner.java:421)\r\n\tat org.testng.SuiteRunner.runSequentially(SuiteRunner.java:413)\r\n\tat org.testng.SuiteRunner.privateRun(SuiteRunner.java:373)\r\n\tat org.testng.SuiteRunner.run(SuiteRunner.java:312)\r\n\tat org.testng.SuiteRunnerWorker.runSuite(SuiteRunnerWorker.java:52)\r\n\tat org.testng.SuiteRunnerWorker.run(SuiteRunnerWorker.java:95)\r\n\tat org.testng.TestNG.runSuitesSequentially(TestNG.java:1274)\r\n\tat org.testng.TestNG.runSuitesLocally(TestNG.java:1208)\r\n\tat org.testng.TestNG.runSuites(TestNG.java:1112)\r\n\tat org.testng.TestNG.run(TestNG.java:1079)\r\n\tat org.apache.maven.surefire.testng.TestNGExecutor.run(TestNGExecutor.java:308)\r\n\tat org.apache.maven.surefire.testng.TestNGXmlTestSuite.execute(TestNGXmlTestSuite.java:71)\r\n\tat org.apache.maven.surefire.testng.TestNGProvider.invoke(TestNGProvider.java:113)\r\n\tat org.apache.maven.surefire.booter.ForkedBooter.runSuitesInProcess(ForkedBooter.java:385)\r\n\tat org.apache.maven.surefire.booter.ForkedBooter.execute(ForkedBooter.java:162)\r\n\tat org.apache.maven.surefire.booter.ForkedBooter.run(ForkedBooter.java:507)\r\n\tat org.apache.maven.surefire.booter.ForkedBooter.main(ForkedBooter.java:495)\r\nCaused by: org.openqa.selenium.TimeoutException: Expected condition failed: waiting for presence of element located by: By.cssSelector: div.login-form > h2.title (tried for 10 second(s) with 500 milliseconds interval)\r\n\tat org.openqa.selenium.support.ui.WebDriverWait.timeoutException(WebDriverWait.java:84)\r\n\tat org.openqa.selenium.support.ui.FluentWait.until(FluentWait.java:228)\r\n\tat mySeleniumFramework.self_selenium.Locator(self_selenium.java:68)\r\n\t... 34 more\r\nCaused by: org.openqa.selenium.NoSuchElementException: no such element: Unable to locate element: {\"method\":\"css selector\",\"selector\":\"div.login-form > h2.title\"}\n  (Session info: MicrosoftEdge=140.0.3485.81)\nFor documentation on this error, please visit: https://www.selenium.dev/documentation/webdriver/troubleshooting/errors#no-such-element-exception\nBuild info: version: '4.35.0', revision: '1c58e5028b'\nSystem info: os.name: 'Windows 11', os.arch: 'amd64', os.version: '10.0', java.version: '24.0.1'\nDriver info: org.openqa.selenium.edge.EdgeDriver\nCommand: [fb082eb1fe8f933b0a8b91e7f6107b53, findElement {value=div.login-form > h2.title, using=css selector}]\nCapabilities {acceptInsecureCerts: false, browserName: MicrosoftEdge, browserVersion: 140.0.3485.81, fedcm:accounts: true, ms:edgeOptions: {debuggerAddress: localhost:54791}, msedge: {msedgedriverVersion: 140.0.3485.81 (5f3674d4b466..., userDataDir: C:\\Users\\y_all\\AppData\\Loca...}, networkConnectionEnabled: false, pageLoadStrategy: normal, platformName: windows, proxy: Proxy(), se:cdp: ws://localhost:54791/devtoo..., se:cdpVersion: 140.0.3485.81, setWindowRect: true, strictFileInteractability: false, timeouts: {implicit: 0, pageLoad: 300000, script: 30000}, unhandledPromptBehavior: dismiss and notify, webauthn:extension:credBlob: true, webauthn:extension:largeBlob: true, webauthn:extension:minPinLength: true, webauthn:extension:prf: true, webauthn:virtualAuthenticators: true}\nSession ID: fb082eb1fe8f933b0a8b91e7f6107b53\r\n\tat java.base/jdk.internal.reflect.DirectConstructorHandleAccessor.newInstance(DirectConstructorHandleAccessor.java:62)\r\n\tat java.base/java.lang.reflect.Constructor.newInstanceWithCaller(Constructor.java:499)\r\n\tat java.base/java.lang.reflect.Constructor.newInstance(Constructor.java:483)\r\n\tat org.openqa.selenium.remote.ErrorCodec.decode(ErrorCodec.java:167)\r\n\tat org.openqa.selenium.remote.codec.w3c.W3CHttpResponseCodec.decode(W3CHttpResponseCodec.java:138)\r\n\tat org.openqa.selenium.remote.codec.w3c.W3CHttpResponseCodec.decode(W3CHttpResponseCodec.java:50)\r\n\tat org.openqa.selenium.remote.HttpCommandExecutor.execute(HttpCommandExecutor.java:215)\r\n\tat org.openqa.selenium.remote.service.DriverCommandExecutor.invokeExecute(DriverCommandExecutor.java:216)\r\n\tat org.openqa.selenium.remote.service.DriverCommandExecutor.execute(DriverCommandExecutor.java:174)\r\n\tat org.openqa.selenium.remote.RemoteWebDriver.execute(RemoteWebDriver.java:557)\r\n\tat org.openqa.selenium.remote.ElementLocation$ElementFinder$2.findElement(ElementLocation.java:165)\r\n\tat org.openqa.selenium.remote.ElementLocation.findElement(ElementLocation.java:59)\r\n\tat org.openqa.selenium.remote.RemoteWebDriver.findElement(RemoteWebDriver.java:380)\r\n\tat org.openqa.selenium.remote.RemoteWebDriver.findElement(RemoteWebDriver.java:374)\r\n\tat org.openqa.selenium.support.ui.ExpectedConditions$6.apply(ExpectedConditions.java:171)\r\n\tat org.openqa.selenium.support.ui.ExpectedConditions$6.apply(ExpectedConditions.java:168)\r\n\tat org.openqa.selenium.support.ui.FluentWait.until(FluentWait.java:203)\r\n\t... 35 more\r\n","steps":[{"name":"Add products to cart","time":{"start":1758530433857,"stop":1758530443192,"duration":9335},"status":"passed","steps":[],"attachments":[{"uid":"35e5c38917376b46","name":"Products Added to Cart","source":"35e5c38917376b46.png","type":"image/png","size":54453}],"parameters":[],"attachmentStep":false,"hasContent":true,"stepsCount":0,"shouldDisplayMessage":false,"attachmentsCount":1},{"name":"Proceed to checkout as guest","time":{"start":1758530443192,"stop":1758530444495,"duration":1303},"status":"passed","steps":[],"attachments":[{"uid":"bb69acc26485b212","name":"Proceeded to Checkout as Guest","source":"bb69acc26485b212.png","type":"image/png","size":32984}],"parameters":[],"attachmentStep":false,"hasContent":true,"stepsCount":0,"shouldDisplayMessage":false,"attachmentsCount":1},{"name":"Start sign-up during checkout with Name: Ava Reynolds, Email: ava.reynolds@brightpath.org","time":{"start":1758530444495,"stop":1758530445894,"duration":1399},"status":"passed","steps":[],"attachments":[{"uid":"7dd93f7657c30170","name":"Sign-Up Started During Checkout","source":"7dd93f7657c30170.png","type":"image/png","size":38218}],"parameters":[{"name":"name","value":"Ava Reynolds"},{"name":"email","value":"ava.reynolds@brightpath.org"}],"attachmentStep":false,"hasContent":true,"stepsCount":0,"shouldDisplayMessage":false,"attachmentsCount":1},{"name":"Verify 'ENTER ACCOUNT INFORMATION' page is displayed","time":{"start":1758530445894,"stop":1758530456077,"duration":10183},"status":"broken","statusMessage":"No Such element By.cssSelector: div.login-form > h2.title","statusTrace":"java.lang.RuntimeException: No Such element By.cssSelector: div.login-form > h2.title\r\n\tat mySeleniumFramework.self_selenium.Locator(self_selenium.java:70)\r\n\tat mySeleniumFramework.self_selenium.getText(self_selenium.java:129)\r\n\tat automationExercise_Pages.CreateNewAccountPage.CreateNewAccountConfirmation(CreateNewAccountPage.java:46)\r\n\tat Order_TestCases.PlaceOrderRegister.verifyCreateNewAccountPage(PlaceOrderRegister.java:194)\r\n\tat Order_TestCases.PlaceOrderRegister.PlaceOrderRegisterWhileCheckout(PlaceOrderRegister.java:151)\r\n\tat java.base/jdk.internal.reflect.DirectMethodHandleAccessor.invoke(DirectMethodHandleAccessor.java:104)\r\n\tat java.base/java.lang.reflect.Method.invoke(Method.java:565)\r\n\tat org.testng.internal.invokers.MethodInvocationHelper.invokeMethod(MethodInvocationHelper.java:141)\r\n\tat org.testng.internal.invokers.TestInvoker.invokeMethod(TestInvoker.java:687)\r\n\tat org.testng.internal.invokers.TestInvoker.invokeTestMethod(TestInvoker.java:230)\r\n\tat org.testng.internal.invokers.MethodRunner.runInSequence(MethodRunner.java:63)\r\n\tat org.testng.internal.invokers.TestInvoker$MethodInvocationAgent.invoke(TestInvoker.java:995)\r\n\tat org.testng.internal.invokers.TestInvoker.invokeTestMethods(TestInvoker.java:203)\r\n\tat org.testng.internal.invokers.TestMethodWorker.invokeTestMethods(TestMethodWorker.java:154)\r\n\tat org.testng.internal.invokers.TestMethodWorker.run(TestMethodWorker.java:134)\r\n\tat java.base/java.util.ArrayList.forEach(ArrayList.java:1604)\r\n\tat org.testng.TestRunner.privateRun(TestRunner.java:741)\r\n\tat org.testng.TestRunner.run(TestRunner.java:616)\r\n\tat org.testng.SuiteRunner.runTest(SuiteRunner.java:421)\r\n\tat org.testng.SuiteRunner.runSequentially(SuiteRunner.java:413)\r\n\tat org.testng.SuiteRunner.privateRun(SuiteRunner.java:373)\r\n\tat org.testng.SuiteRunner.run(SuiteRunner.java:312)\r\n\tat org.testng.SuiteRunnerWorker.runSuite(SuiteRunnerWorker.java:52)\r\n\tat org.testng.SuiteRunnerWorker.run(SuiteRunnerWorker.java:95)\r\n\tat org.testng.TestNG.runSuitesSequentially(TestNG.java:1274)\r\n\tat org.testng.TestNG.runSuitesLocally(TestNG.java:1208)\r\n\tat org.testng.TestNG.runSuites(TestNG.java:1112)\r\n\tat org.testng.TestNG.run(TestNG.java:1079)\r\n\tat org.apache.maven.surefire.testng.TestNGExecutor.run(TestNGExecutor.java:308)\r\n\tat org.apache.maven.surefire.testng.TestNGXmlTestSuite.execute(TestNGXmlTestSuite.java:71)\r\n\tat org.apache.maven.surefire.testng.TestNGProvider.invoke(TestNGProvider.java:113)\r\n\tat org.apache.maven.surefire.booter.ForkedBooter.runSuitesInProcess(ForkedBooter.java:385)\r\n\tat org.apache.maven.surefire.booter.ForkedBooter.execute(ForkedBooter.java:162)\r\n\tat org.apache.maven.surefire.booter.ForkedBooter.run(ForkedBooter.java:507)\r\n\tat org.apache.maven.surefire.booter.ForkedBooter.main(ForkedBooter.java:495)\r\nCaused by: org.openqa.selenium.TimeoutException: Expected condition failed: waiting for presence of element located by: By.cssSelector: div.login-form > h2.title (tried for 10 second(s) with 500 milliseconds interval)\r\n\tat org.openqa.selenium.support.ui.WebDriverWait.timeoutException(WebDriverWait.java:84)\r\n\tat org.openqa.selenium.support.ui.FluentWait.until(FluentWait.java:228)\r\n\tat mySeleniumFramework.self_selenium.Locator(self_selenium.java:68)\r\n\t... 34 more\r\nCaused by: org.openqa.selenium.NoSuchElementException: no such element: Unable to locate element: {\"method\":\"css selector\",\"selector\":\"div.login-form > h2.title\"}\n  (Session info: MicrosoftEdge=140.0.3485.81)\nFor documentation on this error, please visit: https://www.selenium.dev/documentation/webdriver/troubleshooting/errors#no-such-element-exception\nBuild info: version: '4.35.0', revision: '1c58e5028b'\nSystem info: os.name: 'Windows 11', os.arch: 'amd64', os.version: '10.0', java.version: '24.0.1'\nDriver info: org.openqa.selenium.edge.EdgeDriver\nCommand: [fb082eb1fe8f933b0a8b91e7f6107b53, findElement {value=div.login-form > h2.title, using=css selector}]\nCapabilities {acceptInsecureCerts: false, browserName: MicrosoftEdge, browserVersion: 140.0.3485.81, fedcm:accounts: true, ms:edgeOptions: {debuggerAddress: localhost:54791}, msedge: {msedgedriverVersion: 140.0.3485.81 (5f3674d4b466..., userDataDir: C:\\Users\\y_all\\AppData\\Loca...}, networkConnectionEnabled: false, pageLoadStrategy: normal, platformName: windows, proxy: Proxy(), se:cdp: ws://localhost:54791/devtoo..., se:cdpVersion: 140.0.3485.81, setWindowRect: true, strictFileInteractability: false, timeouts: {implicit: 0, pageLoad: 300000, script: 30000}, unhandledPromptBehavior: dismiss and notify, webauthn:extension:credBlob: true, webauthn:extension:largeBlob: true, webauthn:extension:minPinLength: true, webauthn:extension:prf: true, webauthn:virtualAuthenticators: true}\nSession ID: fb082eb1fe8f933b0a8b91e7f6107b53\r\n\tat java.base/jdk.internal.reflect.DirectConstructorHandleAccessor.newInstance(DirectConstructorHandleAccessor.java:62)\r\n\tat java.base/java.lang.reflect.Constructor.newInstanceWithCaller(Constructor.java:499)\r\n\tat java.base/java.lang.reflect.Constructor.newInstance(Constructor.java:483)\r\n\tat org.openqa.selenium.remote.ErrorCodec.decode(ErrorCodec.java:167)\r\n\tat org.openqa.selenium.remote.codec.w3c.W3CHttpResponseCodec.decode(W3CHttpResponseCodec.java:138)\r\n\tat org.openqa.selenium.remote.codec.w3c.W3CHttpResponseCodec.decode(W3CHttpResponseCodec.java:50)\r\n\tat org.openqa.selenium.remote.HttpCommandExecutor.execute(HttpCommandExecutor.java:215)\r\n\tat org.openqa.selenium.remote.service.DriverCommandExecutor.invokeExecute(DriverCommandExecutor.java:216)\r\n\tat org.openqa.selenium.remote.service.DriverCommandExecutor.execute(DriverCommandExecutor.java:174)\r\n\tat org.openqa.selenium.remote.RemoteWebDriver.execute(RemoteWebDriver.java:557)\r\n\tat org.openqa.selenium.remote.ElementLocation$ElementFinder$2.findElement(ElementLocation.java:165)\r\n\tat org.openqa.selenium.remote.ElementLocation.findElement(ElementLocation.java:59)\r\n\tat org.openqa.selenium.remote.RemoteWebDriver.findElement(RemoteWebDriver.java:380)\r\n\tat org.openqa.selenium.remote.RemoteWebDriver.findElement(RemoteWebDriver.java:374)\r\n\tat org.openqa.selenium.support.ui.ExpectedConditions$6.apply(ExpectedConditions.java:171)\r\n\tat org.openqa.selenium.support.ui.ExpectedConditions$6.apply(ExpectedConditions.java:168)\r\n\tat org.openqa.selenium.support.ui.FluentWait.until(FluentWait.java:203)\r\n\t... 35 more\r\n","steps":[],"attachments":[],"parameters":[],"attachmentStep":false,"hasContent":true,"stepsCount":0,"shouldDisplayMessage":true,"attachmentsCount":0}],"attachments":[],"parameters":[],"attachmentStep":false,"hasContent":true,"stepsCount":4,"shouldDisplayMessage":false,"attachmentsCount":3},"afterStages":[{"name":"tearDownMethod","time":{"start":1758530456077,"stop":1758530456436,"duration":359},"description":"","status":"passed","steps":[],"attachments":[],"parameters":[],"attachmentStep":false,"hasContent":false,"stepsCount":0,"shouldDisplayMessage":false,"attachmentsCount":0}],"labels":[{"name":"package","value":"Order_TestCases.PlaceOrderRegister"},{"name":"testClass","value":"Order_TestCases.PlaceOrderRegister"},{"name":"testMethod","value":"PlaceOrderRegisterWhileCheckout"},{"name":"parentSuite","value":"AutomationExercisesSuite"},{"name":"suite","value":"Order_TestCases"},{"name":"subSuite","value":"Order_TestCases.PlaceOrderRegister"},{"name":"host","value":"DESKTOP-TNI7Q4T"},{"name":"thread","value":"2380@DESKTOP-TNI7Q4T.main(3)"},{"name":"framework","value":"testng"},{"name":"language","value":"java"},{"name":"owner","value":"Yahia Allam"},{"name":"severity","value":"normal"},{"name":"resultFormat","value":"allure2"}],"parameters":[{"name":"checkoutUser","value":"Order_TestCases.RegisterCheckoutUser@4fc23215"},{"name":"formData","value":"Order_TestCases.FormUser@2ed34811"}],"links":[{"name":"CHK-001","type":"issue"},{"name":"Website","url":"https://automationexercise.com/","type":"custom"}],"hidden":false,"retry":false,"extra":{"severity":"normal","owner":"Yahia Allam","retries":[],"categories":[{"name":"Test defects","matchedStatuses":[]}],"tags":[]},"source":"f1e877073e91835.json","parameterValues":["Order_TestCases.RegisterCheckoutUser@4fc23215","Order_TestCases.FormUser@2ed34811"]}