{"uuid":"730b002a-549a-433e-8225-38a14aeb7e3d","historyId":"2e410a8edbc7bffbfc340db993e26b48","fullName":"Product_TestCases.SearchProduct.SearchProducts","labels":[{"name":"package","value":"Product_TestCases.SearchProduct"},{"name":"testClass","value":"Product_TestCases.SearchProduct"},{"name":"testMethod","value":"SearchProducts"},{"name":"parentSuite","value":"AutomationExercisesSuite"},{"name":"suite","value":"Product_TestCases"},{"name":"subSuite","value":"Product_TestCases.SearchProduct"},{"name":"host","value":"DESKTOP-TNI7Q4T"},{"name":"thread","value":"2380@DESKTOP-TNI7Q4T.main(3)"},{"name":"framework","value":"testng"},{"name":"language","value":"java"},{"name":"owner","value":"Yahia Allam"},{"name":"severity","value":"normal"}],"links":[{"name":"PROD-002","type":"issue"},{"name":"Website","url":"https://automationexercise.com/","type":"custom"}],"name":"SearchProducts","status":"failed","statusDetails":{"known":false,"muted":false,"flaky":false,"message":"Product 'rs. 1200\nlittle girls mr. panda shirt\nadd to cart\nview product' does not contain search keyword: Top expected [true] but found [false]","trace":"java.lang.AssertionError: Product 'rs. 1200\nlittle girls mr. panda shirt\nadd to cart\nview product' does not contain search keyword: Top expected [true] but found [false]\r\n\tat org.testng.Assert.fail(Assert.java:111)\r\n\tat org.testng.Assert.failNotEquals(Assert.java:1590)\r\n\tat org.testng.Assert.assertTrue(Assert.java:57)\r\n\tat Product_TestCases.SearchProduct.validateSearchResultsContainKeyword(SearchProduct.java:223)\r\n\tat Product_TestCases.SearchProduct.SearchProducts(SearchProduct.java:181)\r\n\tat java.base/jdk.internal.reflect.DirectMethodHandleAccessor.invoke(DirectMethodHandleAccessor.java:104)\r\n\tat java.base/java.lang.reflect.Method.invoke(Method.java:565)\r\n\tat org.testng.internal.invokers.MethodInvocationHelper.invokeMethod(MethodInvocationHelper.java:141)\r\n\tat org.testng.internal.invokers.TestInvoker.invokeMethod(TestInvoker.java:687)\r\n\tat org.testng.internal.invokers.TestInvoker.invokeTestMethod(TestInvoker.java:230)\r\n\tat org.testng.internal.invokers.MethodRunner.runInSequence(MethodRunner.java:63)\r\n\tat org.testng.internal.invokers.TestInvoker$MethodInvocationAgent.invoke(TestInvoker.java:995)\r\n\tat org.testng.internal.invokers.TestInvoker.invokeTestMethods(TestInvoker.java:203)\r\n\tat org.testng.internal.invokers.TestMethodWorker.invokeTestMethods(TestMethodWorker.java:154)\r\n\tat org.testng.internal.invokers.TestMethodWorker.run(TestMethodWorker.java:134)\r\n\tat java.base/java.util.ArrayList.forEach(ArrayList.java:1604)\r\n\tat org.testng.TestRunner.privateRun(TestRunner.java:741)\r\n\tat org.testng.TestRunner.run(TestRunner.java:616)\r\n\tat org.testng.SuiteRunner.runTest(SuiteRunner.java:421)\r\n\tat org.testng.SuiteRunner.runSequentially(SuiteRunner.java:413)\r\n\tat org.testng.SuiteRunner.privateRun(SuiteRunner.java:373)\r\n\tat org.testng.SuiteRunner.run(SuiteRunner.java:312)\r\n\tat org.testng.SuiteRunnerWorker.runSuite(SuiteRunnerWorker.java:52)\r\n\tat org.testng.SuiteRunnerWorker.run(SuiteRunnerWorker.java:95)\r\n\tat org.testng.TestNG.runSuitesSequentially(TestNG.java:1274)\r\n\tat org.testng.TestNG.runSuitesLocally(TestNG.java:1208)\r\n\tat org.testng.TestNG.runSuites(TestNG.java:1112)\r\n\tat org.testng.TestNG.run(TestNG.java:1079)\r\n\tat org.apache.maven.surefire.testng.TestNGExecutor.run(TestNGExecutor.java:308)\r\n\tat org.apache.maven.surefire.testng.TestNGXmlTestSuite.execute(TestNGXmlTestSuite.java:71)\r\n\tat org.apache.maven.surefire.testng.TestNGProvider.invoke(TestNGProvider.java:113)\r\n\tat org.apache.maven.surefire.booter.ForkedBooter.runSuitesInProcess(ForkedBooter.java:385)\r\n\tat org.apache.maven.surefire.booter.ForkedBooter.execute(ForkedBooter.java:162)\r\n\tat org.apache.maven.surefire.booter.ForkedBooter.run(ForkedBooter.java:507)\r\n\tat org.apache.maven.surefire.booter.ForkedBooter.main(ForkedBooter.java:495)\r\n"},"stage":"finished","description":"This test case verifies whether the search bar in the products page works as intended or not and all the products searched using this keyword appear","steps":[{"name":"Open Products page","status":"passed","stage":"finished","steps":[],"attachments":[{"name":"Products Page Opened","source":"6e8a2305-989f-4de0-961c-c81e937158e8-attachment","type":"image/png"}],"parameters":[],"start":1758529980706,"stop":1758529985125},{"name":"Verify 'ALL PRODUCTS' text is displayed","status":"passed","stage":"finished","steps":[],"attachments":[{"name":"'ALL PRODUCTS' Text Verified","source":"4de31bbe-ed75-4421-b665-edfa600ffba5-attachment","type":"image/png"}],"parameters":[],"start":1758529985125,"stop":1758529985294},{"name":"Validate all search results contain keyword from JSON: Top","status":"failed","statusDetails":{"known":false,"muted":false,"flaky":false,"message":"Product 'rs. 1200\nlittle girls mr. panda shirt\nadd to cart\nview product' does not contain search keyword: Top expected [true] but found [false]","trace":"java.lang.AssertionError: Product 'rs. 1200\nlittle girls mr. panda shirt\nadd to cart\nview product' does not contain search keyword: Top expected [true] but found [false]\r\n\tat org.testng.Assert.fail(Assert.java:111)\r\n\tat org.testng.Assert.failNotEquals(Assert.java:1590)\r\n\tat org.testng.Assert.assertTrue(Assert.java:57)\r\n\tat Product_TestCases.SearchProduct.validateSearchResultsContainKeyword(SearchProduct.java:223)\r\n\tat Product_TestCases.SearchProduct.SearchProducts(SearchProduct.java:181)\r\n\tat java.base/jdk.internal.reflect.DirectMethodHandleAccessor.invoke(DirectMethodHandleAccessor.java:104)\r\n\tat java.base/java.lang.reflect.Method.invoke(Method.java:565)\r\n\tat org.testng.internal.invokers.MethodInvocationHelper.invokeMethod(MethodInvocationHelper.java:141)\r\n\tat org.testng.internal.invokers.TestInvoker.invokeMethod(TestInvoker.java:687)\r\n\tat org.testng.internal.invokers.TestInvoker.invokeTestMethod(TestInvoker.java:230)\r\n\tat org.testng.internal.invokers.MethodRunner.runInSequence(MethodRunner.java:63)\r\n\tat org.testng.internal.invokers.TestInvoker$MethodInvocationAgent.invoke(TestInvoker.java:995)\r\n\tat org.testng.internal.invokers.TestInvoker.invokeTestMethods(TestInvoker.java:203)\r\n\tat org.testng.internal.invokers.TestMethodWorker.invokeTestMethods(TestMethodWorker.java:154)\r\n\tat org.testng.internal.invokers.TestMethodWorker.run(TestMethodWorker.java:134)\r\n\tat java.base/java.util.ArrayList.forEach(ArrayList.java:1604)\r\n\tat org.testng.TestRunner.privateRun(TestRunner.java:741)\r\n\tat org.testng.TestRunner.run(TestRunner.java:616)\r\n\tat org.testng.SuiteRunner.runTest(SuiteRunner.java:421)\r\n\tat org.testng.SuiteRunner.runSequentially(SuiteRunner.java:413)\r\n\tat org.testng.SuiteRunner.privateRun(SuiteRunner.java:373)\r\n\tat org.testng.SuiteRunner.run(SuiteRunner.java:312)\r\n\tat org.testng.SuiteRunnerWorker.runSuite(SuiteRunnerWorker.java:52)\r\n\tat org.testng.SuiteRunnerWorker.run(SuiteRunnerWorker.java:95)\r\n\tat org.testng.TestNG.runSuitesSequentially(TestNG.java:1274)\r\n\tat org.testng.TestNG.runSuitesLocally(TestNG.java:1208)\r\n\tat org.testng.TestNG.runSuites(TestNG.java:1112)\r\n\tat org.testng.TestNG.run(TestNG.java:1079)\r\n\tat org.apache.maven.surefire.testng.TestNGExecutor.run(TestNGExecutor.java:308)\r\n\tat org.apache.maven.surefire.testng.TestNGXmlTestSuite.execute(TestNGXmlTestSuite.java:71)\r\n\tat org.apache.maven.surefire.testng.TestNGProvider.invoke(TestNGProvider.java:113)\r\n\tat org.apache.maven.surefire.booter.ForkedBooter.runSuitesInProcess(ForkedBooter.java:385)\r\n\tat org.apache.maven.surefire.booter.ForkedBooter.execute(ForkedBooter.java:162)\r\n\tat org.apache.maven.surefire.booter.ForkedBooter.run(ForkedBooter.java:507)\r\n\tat org.apache.maven.surefire.booter.ForkedBooter.main(ForkedBooter.java:495)\r\n"},"stage":"finished","steps":[],"attachments":[{"name":"'SEARCHED PRODUCTS' Text Verified","source":"4e4c3942-4356-4ba3-9d70-210f9853f9c9-attachment","type":"image/png"}],"parameters":[{"name":"productName","value":"Top"}],"start":1758529985295,"stop":1758529990620}],"attachments":[],"parameters":[{"name":"Products","value":"Product_TestCases.Product@639bf405"}],"start":1758529980706,"stop":1758529990623}