{"uuid":"ba54fcba-9a1a-4810-af44-cef3a840ead3","historyId":"7122dc077b858fed3dffa197e86e69fe","fullName":"Product_TestCases.SearchProduct_CartLogin.SearchProducts_and_VerifyCartAfterLogin","labels":[{"name":"package","value":"Product_TestCases.SearchProduct_CartLogin"},{"name":"testClass","value":"Product_TestCases.SearchProduct_CartLogin"},{"name":"testMethod","value":"SearchProducts_and_VerifyCartAfterLogin"},{"name":"parentSuite","value":"AutomationExercisesSuite"},{"name":"suite","value":"Product_TestCases"},{"name":"subSuite","value":"Product_TestCases.SearchProduct_CartLogin"},{"name":"host","value":"DESKTOP-TNI7Q4T"},{"name":"thread","value":"2380@DESKTOP-TNI7Q4T.main(3)"},{"name":"framework","value":"testng"},{"name":"language","value":"java"},{"name":"owner","value":"Yahia Allam"},{"name":"severity","value":"normal"}],"links":[{"name":"CAT-003","type":"issue"},{"name":"Website","url":"https://automationexercise.com/","type":"custom"}],"name":"SearchProducts_and_VerifyCartAfterLogin","status":"failed","statusDetails":{"known":false,"muted":false,"flaky":false,"message":"Product 'rs. 1200\nlittle girls mr. panda shirt\nadd to cart\nview product' does not contain search keyword: Top expected [true] but found [false]","trace":"java.lang.AssertionError: Product 'rs. 1200\nlittle girls mr. panda shirt\nadd to cart\nview product' does not contain search keyword: Top expected [true] but found [false]\r\n\tat org.testng.Assert.fail(Assert.java:111)\r\n\tat org.testng.Assert.failNotEquals(Assert.java:1590)\r\n\tat org.testng.Assert.assertTrue(Assert.java:57)\r\n\tat Product_TestCases.SearchProduct_CartLogin.validateSearchResultsContainKeyword(SearchProduct_CartLogin.java:303)\r\n\tat Product_TestCases.SearchProduct_CartLogin.SearchProducts_and_VerifyCartAfterLogin(SearchProduct_CartLogin.java:247)\r\n\tat java.base/jdk.internal.reflect.DirectMethodHandleAccessor.invoke(DirectMethodHandleAccessor.java:104)\r\n\tat java.base/java.lang.reflect.Method.invoke(Method.java:565)\r\n\tat org.testng.internal.invokers.MethodInvocationHelper.invokeMethod(MethodInvocationHelper.java:141)\r\n\tat org.testng.internal.invokers.TestInvoker.invokeMethod(TestInvoker.java:687)\r\n\tat org.testng.internal.invokers.TestInvoker.invokeTestMethod(TestInvoker.java:230)\r\n\tat org.testng.internal.invokers.MethodRunner.runInSequence(MethodRunner.java:63)\r\n\tat org.testng.internal.invokers.TestInvoker$MethodInvocationAgent.invoke(TestInvoker.java:995)\r\n\tat org.testng.internal.invokers.TestInvoker.invokeTestMethods(TestInvoker.java:203)\r\n\tat org.testng.internal.invokers.TestMethodWorker.invokeTestMethods(TestMethodWorker.java:154)\r\n\tat org.testng.internal.invokers.TestMethodWorker.run(TestMethodWorker.java:134)\r\n\tat java.base/java.util.ArrayList.forEach(ArrayList.java:1604)\r\n\tat org.testng.TestRunner.privateRun(TestRunner.java:741)\r\n\tat org.testng.TestRunner.run(TestRunner.java:616)\r\n\tat org.testng.SuiteRunner.runTest(SuiteRunner.java:421)\r\n\tat org.testng.SuiteRunner.runSequentially(SuiteRunner.java:413)\r\n\tat org.testng.SuiteRunner.privateRun(SuiteRunner.java:373)\r\n\tat org.testng.SuiteRunner.run(SuiteRunner.java:312)\r\n\tat org.testng.SuiteRunnerWorker.runSuite(SuiteRunnerWorker.java:52)\r\n\tat org.testng.SuiteRunnerWorker.run(SuiteRunnerWorker.java:95)\r\n\tat org.testng.TestNG.runSuitesSequentially(TestNG.java:1274)\r\n\tat org.testng.TestNG.runSuitesLocally(TestNG.java:1208)\r\n\tat org.testng.TestNG.runSuites(TestNG.java:1112)\r\n\tat org.testng.TestNG.run(TestNG.java:1079)\r\n\tat org.apache.maven.surefire.testng.TestNGExecutor.run(TestNGExecutor.java:308)\r\n\tat org.apache.maven.surefire.testng.TestNGXmlTestSuite.execute(TestNGXmlTestSuite.java:71)\r\n\tat org.apache.maven.surefire.testng.TestNGProvider.invoke(TestNGProvider.java:113)\r\n\tat org.apache.maven.surefire.booter.ForkedBooter.runSuitesInProcess(ForkedBooter.java:385)\r\n\tat org.apache.maven.surefire.booter.ForkedBooter.execute(ForkedBooter.java:162)\r\n\tat org.apache.maven.surefire.booter.ForkedBooter.run(ForkedBooter.java:507)\r\n\tat org.apache.maven.surefire.booter.ForkedBooter.main(ForkedBooter.java:495)\r\n"},"stage":"finished","description":"This test case examines that the cart contains the searched products after logging in","steps":[{"name":"Open Products page","status":"passed","stage":"finished","steps":[],"attachments":[{"name":"Products Page Opened","source":"f0bde517-b63e-4141-a7c6-4cebdb781f5a-attachment","type":"image/png"}],"parameters":[],"start":1758530228360,"stop":1758530237828},{"name":"Verify 'ALL PRODUCTS' text is displayed","status":"passed","stage":"finished","steps":[],"attachments":[{"name":"'ALL PRODUCTS' Text Verified","source":"37a1ce45-4530-41eb-80f8-8353ff130195-attachment","type":"image/png"}],"parameters":[],"start":1758530237828,"stop":1758530238019},{"name":"Validate all search results contain keyword from JSON: Top","status":"failed","statusDetails":{"known":false,"muted":false,"flaky":false,"message":"Product 'rs. 1200\nlittle girls mr. panda shirt\nadd to cart\nview product' does not contain search keyword: Top expected [true] but found [false]","trace":"java.lang.AssertionError: Product 'rs. 1200\nlittle girls mr. panda shirt\nadd to cart\nview product' does not contain search keyword: Top expected [true] but found [false]\r\n\tat org.testng.Assert.fail(Assert.java:111)\r\n\tat org.testng.Assert.failNotEquals(Assert.java:1590)\r\n\tat org.testng.Assert.assertTrue(Assert.java:57)\r\n\tat Product_TestCases.SearchProduct_CartLogin.validateSearchResultsContainKeyword(SearchProduct_CartLogin.java:303)\r\n\tat Product_TestCases.SearchProduct_CartLogin.SearchProducts_and_VerifyCartAfterLogin(SearchProduct_CartLogin.java:247)\r\n\tat java.base/jdk.internal.reflect.DirectMethodHandleAccessor.invoke(DirectMethodHandleAccessor.java:104)\r\n\tat java.base/java.lang.reflect.Method.invoke(Method.java:565)\r\n\tat org.testng.internal.invokers.MethodInvocationHelper.invokeMethod(MethodInvocationHelper.java:141)\r\n\tat org.testng.internal.invokers.TestInvoker.invokeMethod(TestInvoker.java:687)\r\n\tat org.testng.internal.invokers.TestInvoker.invokeTestMethod(TestInvoker.java:230)\r\n\tat org.testng.internal.invokers.MethodRunner.runInSequence(MethodRunner.java:63)\r\n\tat org.testng.internal.invokers.TestInvoker$MethodInvocationAgent.invoke(TestInvoker.java:995)\r\n\tat org.testng.internal.invokers.TestInvoker.invokeTestMethods(TestInvoker.java:203)\r\n\tat org.testng.internal.invokers.TestMethodWorker.invokeTestMethods(TestMethodWorker.java:154)\r\n\tat org.testng.internal.invokers.TestMethodWorker.run(TestMethodWorker.java:134)\r\n\tat java.base/java.util.ArrayList.forEach(ArrayList.java:1604)\r\n\tat org.testng.TestRunner.privateRun(TestRunner.java:741)\r\n\tat org.testng.TestRunner.run(TestRunner.java:616)\r\n\tat org.testng.SuiteRunner.runTest(SuiteRunner.java:421)\r\n\tat org.testng.SuiteRunner.runSequentially(SuiteRunner.java:413)\r\n\tat org.testng.SuiteRunner.privateRun(SuiteRunner.java:373)\r\n\tat org.testng.SuiteRunner.run(SuiteRunner.java:312)\r\n\tat org.testng.SuiteRunnerWorker.runSuite(SuiteRunnerWorker.java:52)\r\n\tat org.testng.SuiteRunnerWorker.run(SuiteRunnerWorker.java:95)\r\n\tat org.testng.TestNG.runSuitesSequentially(TestNG.java:1274)\r\n\tat org.testng.TestNG.runSuitesLocally(TestNG.java:1208)\r\n\tat org.testng.TestNG.runSuites(TestNG.java:1112)\r\n\tat org.testng.TestNG.run(TestNG.java:1079)\r\n\tat org.apache.maven.surefire.testng.TestNGExecutor.run(TestNGExecutor.java:308)\r\n\tat org.apache.maven.surefire.testng.TestNGXmlTestSuite.execute(TestNGXmlTestSuite.java:71)\r\n\tat org.apache.maven.surefire.testng.TestNGProvider.invoke(TestNGProvider.java:113)\r\n\tat org.apache.maven.surefire.booter.ForkedBooter.runSuitesInProcess(ForkedBooter.java:385)\r\n\tat org.apache.maven.surefire.booter.ForkedBooter.execute(ForkedBooter.java:162)\r\n\tat org.apache.maven.surefire.booter.ForkedBooter.run(ForkedBooter.java:507)\r\n\tat org.apache.maven.surefire.booter.ForkedBooter.main(ForkedBooter.java:495)\r\n"},"stage":"finished","steps":[],"attachments":[{"name":"'SEARCHED PRODUCTS' Text Verified","source":"176f7a3b-6020-4c15-abae-68ec0cdd579e-attachment","type":"image/png"}],"parameters":[{"name":"productName","value":"Top"}],"start":1758530238019,"stop":1758530241467}],"attachments":[],"parameters":[{"name":"Products","value":"Product_TestCases.Product@7b3489b7"},{"name":"loginUser","value":"Product_TestCases.LoginUser@4df3b838"},{"name":"formData","value":"Product_TestCases.FormUser@5d796665"},{"name":"testUser","value":"Product_TestCases.SignUpUser@4096a622"}],"start":1758530228359,"stop":1758530241467}