{"uuid":"e8efe1e0-bd4e-4642-89ed-4354ac4ac90a","historyId":"f64b485e8dc12b337bc6bb0562eecd07","fullName":"Order_TestCases.PlaceOrderLogin.PlaceOrderLogin","labels":[{"name":"package","value":"Order_TestCases.PlaceOrderLogin"},{"name":"testClass","value":"Order_TestCases.PlaceOrderLogin"},{"name":"testMethod","value":"PlaceOrderLogin"},{"name":"parentSuite","value":"AutomationExercisesSuite"},{"name":"suite","value":"Order_TestCases"},{"name":"subSuite","value":"Order_TestCases.PlaceOrderLogin"},{"name":"host","value":"DESKTOP-TNI7Q4T"},{"name":"thread","value":"2380@DESKTOP-TNI7Q4T.main(3)"},{"name":"framework","value":"testng"},{"name":"language","value":"java"},{"name":"owner","value":"Yahia Allam"},{"name":"severity","value":"normal"}],"links":[{"name":"CHK-003","type":"issue"},{"name":"Website","url":"https://automationexercise.com/","type":"custom"}],"name":"PlaceOrderLogin","status":"broken","statusDetails":{"known":false,"muted":false,"flaky":false,"message":"No Such element By.cssSelector: div.login-form > h2","trace":"java.lang.RuntimeException: No Such element By.cssSelector: div.login-form > h2\r\n\tat mySeleniumFramework.self_selenium.Locator(self_selenium.java:70)\r\n\tat mySeleniumFramework.self_selenium.getText(self_selenium.java:129)\r\n\tat automationExercise_Pages.SignUp_Login_Page.loginToYourAccountText(SignUp_Login_Page.java:54)\r\n\tat Order_TestCases.PlaceOrderLogin.verifyLoginPageText(PlaceOrderLogin.java:280)\r\n\tat Order_TestCases.PlaceOrderLogin.PlaceOrderLogin(PlaceOrderLogin.java:164)\r\n\tat java.base/jdk.internal.reflect.DirectMethodHandleAccessor.invoke(DirectMethodHandleAccessor.java:104)\r\n\tat java.base/java.lang.reflect.Method.invoke(Method.java:565)\r\n\tat org.testng.internal.invokers.MethodInvocationHelper.invokeMethod(MethodInvocationHelper.java:141)\r\n\tat org.testng.internal.invokers.TestInvoker.invokeMethod(TestInvoker.java:687)\r\n\tat org.testng.internal.invokers.TestInvoker.invokeTestMethod(TestInvoker.java:230)\r\n\tat org.testng.internal.invokers.MethodRunner.runInSequence(MethodRunner.java:63)\r\n\tat org.testng.internal.invokers.TestInvoker$MethodInvocationAgent.invoke(TestInvoker.java:995)\r\n\tat org.testng.internal.invokers.TestInvoker.invokeTestMethods(TestInvoker.java:203)\r\n\tat org.testng.internal.invokers.TestMethodWorker.invokeTestMethods(TestMethodWorker.java:154)\r\n\tat org.testng.internal.invokers.TestMethodWorker.run(TestMethodWorker.java:134)\r\n\tat java.base/java.util.ArrayList.forEach(ArrayList.java:1604)\r\n\tat org.testng.TestRunner.privateRun(TestRunner.java:741)\r\n\tat org.testng.TestRunner.run(TestRunner.java:616)\r\n\tat org.testng.SuiteRunner.runTest(SuiteRunner.java:421)\r\n\tat org.testng.SuiteRunner.runSequentially(SuiteRunner.java:413)\r\n\tat org.testng.SuiteRunner.privateRun(SuiteRunner.java:373)\r\n\tat org.testng.SuiteRunner.run(SuiteRunner.java:312)\r\n\tat org.testng.SuiteRunnerWorker.runSuite(SuiteRunnerWorker.java:52)\r\n\tat org.testng.SuiteRunnerWorker.run(SuiteRunnerWorker.java:95)\r\n\tat org.testng.TestNG.runSuitesSequentially(TestNG.java:1274)\r\n\tat org.testng.TestNG.runSuitesLocally(TestNG.java:1208)\r\n\tat org.testng.TestNG.runSuites(TestNG.java:1112)\r\n\tat org.testng.TestNG.run(TestNG.java:1079)\r\n\tat org.apache.maven.surefire.testng.TestNGExecutor.run(TestNGExecutor.java:308)\r\n\tat org.apache.maven.surefire.testng.TestNGXmlTestSuite.execute(TestNGXmlTestSuite.java:71)\r\n\tat org.apache.maven.surefire.testng.TestNGProvider.invoke(TestNGProvider.java:113)\r\n\tat org.apache.maven.surefire.booter.ForkedBooter.runSuitesInProcess(ForkedBooter.java:385)\r\n\tat org.apache.maven.surefire.booter.ForkedBooter.execute(ForkedBooter.java:162)\r\n\tat org.apache.maven.surefire.booter.ForkedBooter.run(ForkedBooter.java:507)\r\n\tat org.apache.maven.surefire.booter.ForkedBooter.main(ForkedBooter.java:495)\r\nCaused by: org.openqa.selenium.TimeoutException: Expected condition failed: waiting for presence of element located by: By.cssSelector: div.login-form > h2 (tried for 10 second(s) with 500 milliseconds interval)\r\n\tat org.openqa.selenium.support.ui.WebDriverWait.timeoutException(WebDriverWait.java:84)\r\n\tat org.openqa.selenium.support.ui.FluentWait.until(FluentWait.java:228)\r\n\tat mySeleniumFramework.self_selenium.Locator(self_selenium.java:68)\r\n\t... 34 more\r\nCaused by: org.openqa.selenium.NoSuchElementException: no such element: Unable to locate element: {\"method\":\"css selector\",\"selector\":\"div.login-form > h2\"}\n  (Session info: chrome=140.0.7339.185)\nFor documentation on this error, please visit: https://www.selenium.dev/documentation/webdriver/troubleshooting/errors#no-such-element-exception\nBuild info: version: '4.35.0', revision: '1c58e5028b'\nSystem info: os.name: 'Windows 11', os.arch: 'amd64', os.version: '10.0', java.version: '24.0.1'\nDriver info: org.openqa.selenium.chrome.ChromeDriver\nCommand: [9b8c01253233a473ea36e5d44af63c7c, findElement {value=div.login-form > h2, using=css selector}]\nCapabilities {acceptInsecureCerts: false, browserName: chrome, browserVersion: 140.0.7339.185, chrome: {chromedriverVersion: 140.0.7339.185 (eeea00e459e..., userDataDir: C:\\Users\\y_all\\AppData\\Loca...}, fedcm:accounts: true, goog:chromeOptions: {debuggerAddress: localhost:54944}, networkConnectionEnabled: false, pageLoadStrategy: normal, platformName: windows, proxy: Proxy(), se:cdp: ws://localhost:54944/devtoo..., se:cdpVersion: 140.0.7339.185, setWindowRect: true, strictFileInteractability: false, timeouts: {implicit: 0, pageLoad: 300000, script: 30000}, unhandledPromptBehavior: dismiss and notify, webauthn:extension:credBlob: true, webauthn:extension:largeBlob: true, webauthn:extension:minPinLength: true, webauthn:extension:prf: true, webauthn:virtualAuthenticators: true}\nSession ID: 9b8c01253233a473ea36e5d44af63c7c\r\n\tat java.base/jdk.internal.reflect.DirectConstructorHandleAccessor.newInstance(DirectConstructorHandleAccessor.java:62)\r\n\tat java.base/java.lang.reflect.Constructor.newInstanceWithCaller(Constructor.java:499)\r\n\tat java.base/java.lang.reflect.Constructor.newInstance(Constructor.java:483)\r\n\tat org.openqa.selenium.remote.ErrorCodec.decode(ErrorCodec.java:167)\r\n\tat org.openqa.selenium.remote.codec.w3c.W3CHttpResponseCodec.decode(W3CHttpResponseCodec.java:138)\r\n\tat org.openqa.selenium.remote.codec.w3c.W3CHttpResponseCodec.decode(W3CHttpResponseCodec.java:50)\r\n\tat org.openqa.selenium.remote.HttpCommandExecutor.execute(HttpCommandExecutor.java:215)\r\n\tat org.openqa.selenium.remote.service.DriverCommandExecutor.invokeExecute(DriverCommandExecutor.java:216)\r\n\tat org.openqa.selenium.remote.service.DriverCommandExecutor.execute(DriverCommandExecutor.java:174)\r\n\tat org.openqa.selenium.remote.RemoteWebDriver.execute(RemoteWebDriver.java:557)\r\n\tat org.openqa.selenium.remote.ElementLocation$ElementFinder$2.findElement(ElementLocation.java:165)\r\n\tat org.openqa.selenium.remote.ElementLocation.findElement(ElementLocation.java:59)\r\n\tat org.openqa.selenium.remote.RemoteWebDriver.findElement(RemoteWebDriver.java:380)\r\n\tat org.openqa.selenium.remote.RemoteWebDriver.findElement(RemoteWebDriver.java:374)\r\n\tat org.openqa.selenium.support.ui.ExpectedConditions$6.apply(ExpectedConditions.java:171)\r\n\tat org.openqa.selenium.support.ui.ExpectedConditions$6.apply(ExpectedConditions.java:168)\r\n\tat org.openqa.selenium.support.ui.FluentWait.until(FluentWait.java:203)\r\n\t... 35 more\r\n"},"stage":"finished","description":"This test case examines placing an order after logging in works as intended or not","steps":[{"name":"Navigate to Login page","status":"passed","stage":"finished","steps":[],"attachments":[{"name":"Login Page","source":"930ae880-ed79-4ad1-839f-9402afb21cab-attachment","type":"image/png"}],"parameters":[],"start":1758530591114,"stop":1758530592763},{"name":"Verify 'New User Signup!' text appears","status":"passed","stage":"finished","steps":[],"attachments":[{"name":"New User Signup text","source":"ffc0e365-f654-4b03-ba1c-31fd3d328dad-attachment","type":"image/png"}],"parameters":[],"start":1758530592763,"stop":1758530592982},{"name":"Enter name and email then click Sign Up","status":"passed","stage":"finished","steps":[],"attachments":[{"name":"After entering name/email","source":"5b7c9917-362e-451d-b81e-7dbbce424529-attachment","type":"image/png"}],"parameters":[{"name":"registerBeforeCheckoutUser","value":"Order_TestCases.RegisterBeforeCheckoutUser@281c1f99"}],"start":1758530592983,"stop":1758530594959},{"name":"Verify 'ENTER ACCOUNT INFORMATION' page is shown","status":"passed","stage":"finished","steps":[],"attachments":[{"name":"Create Account Information Page","source":"fd6b8f3f-a510-4d9d-ab74-480b23a412bb-attachment","type":"image/png"}],"parameters":[],"start":1758530594959,"stop":1758530595104},{"name":"Fill the sign-up formData with user details","status":"passed","stage":"finished","steps":[{"name":"Validate mobile number field accepts only digits","status":"passed","stage":"finished","steps":[],"attachments":[{"name":"Entered Mobile Number: 5125556678","source":"e564ed08-b12d-4aeb-92b9-b5a08b243540-attachment","type":"image/png"}],"parameters":[{"name":"formData","value":"Order_TestCases.FormUser@31ee4ba0"}],"start":1758530599535,"stop":1758530600092},{"name":"Validate name field is not editable after initial input","status":"passed","stage":"finished","steps":[],"attachments":[{"name":"Attempted to edit name field","source":"a3ea99be-946c-4923-af04-8b6dca4a6943-attachment","type":"image/png"}],"parameters":[{"name":"formData","value":"Order_TestCases.FormUser@31ee4ba0"},{"name":"newName","value":"Kareem"}],"start":1758530600092,"stop":1758530600894}],"attachments":[{"name":"Form filled","source":"d6cfb762-49d5-4e1a-9a67-6828542d5e7e-attachment","type":"image/png"}],"parameters":[{"name":"formData","value":"Order_TestCases.FormUser@31ee4ba0"}],"start":1758530595104,"stop":1758530604200},{"name":"Verify 'ACCOUNT CREATED!' message","status":"passed","stage":"finished","steps":[],"attachments":[{"name":"Account Created Confirmation","source":"b264af79-a708-4af2-8c99-b189d9a196c3-attachment","type":"image/png"}],"parameters":[],"start":1758530604204,"stop":1758530604440},{"name":"Click continue after account creation","status":"passed","stage":"finished","steps":[],"attachments":[{"name":"After clicking Continue","source":"659eb2e7-8a71-497f-8fa2-f6d8001293c7-attachment","type":"image/png"}],"parameters":[],"start":1758530604440,"stop":1758530609205},{"name":"Verify 'Logged in as' text is displayed","status":"passed","stage":"finished","steps":[],"attachments":[{"name":"Logged In As Verified","source":"eec1e088-521d-4f2f-9927-437b9fab6056-attachment","type":"image/png"}],"parameters":[],"start":1758530609205,"stop":1758530609471},{"name":"Verify 'Login to your account' text is displayed","status":"broken","statusDetails":{"known":false,"muted":false,"flaky":false,"message":"No Such element By.cssSelector: div.login-form > h2","trace":"java.lang.RuntimeException: No Such element By.cssSelector: div.login-form > h2\r\n\tat mySeleniumFramework.self_selenium.Locator(self_selenium.java:70)\r\n\tat mySeleniumFramework.self_selenium.getText(self_selenium.java:129)\r\n\tat automationExercise_Pages.SignUp_Login_Page.loginToYourAccountText(SignUp_Login_Page.java:54)\r\n\tat Order_TestCases.PlaceOrderLogin.verifyLoginPageText(PlaceOrderLogin.java:280)\r\n\tat Order_TestCases.PlaceOrderLogin.PlaceOrderLogin(PlaceOrderLogin.java:164)\r\n\tat java.base/jdk.internal.reflect.DirectMethodHandleAccessor.invoke(DirectMethodHandleAccessor.java:104)\r\n\tat java.base/java.lang.reflect.Method.invoke(Method.java:565)\r\n\tat org.testng.internal.invokers.MethodInvocationHelper.invokeMethod(MethodInvocationHelper.java:141)\r\n\tat org.testng.internal.invokers.TestInvoker.invokeMethod(TestInvoker.java:687)\r\n\tat org.testng.internal.invokers.TestInvoker.invokeTestMethod(TestInvoker.java:230)\r\n\tat org.testng.internal.invokers.MethodRunner.runInSequence(MethodRunner.java:63)\r\n\tat org.testng.internal.invokers.TestInvoker$MethodInvocationAgent.invoke(TestInvoker.java:995)\r\n\tat org.testng.internal.invokers.TestInvoker.invokeTestMethods(TestInvoker.java:203)\r\n\tat org.testng.internal.invokers.TestMethodWorker.invokeTestMethods(TestMethodWorker.java:154)\r\n\tat org.testng.internal.invokers.TestMethodWorker.run(TestMethodWorker.java:134)\r\n\tat java.base/java.util.ArrayList.forEach(ArrayList.java:1604)\r\n\tat org.testng.TestRunner.privateRun(TestRunner.java:741)\r\n\tat org.testng.TestRunner.run(TestRunner.java:616)\r\n\tat org.testng.SuiteRunner.runTest(SuiteRunner.java:421)\r\n\tat org.testng.SuiteRunner.runSequentially(SuiteRunner.java:413)\r\n\tat org.testng.SuiteRunner.privateRun(SuiteRunner.java:373)\r\n\tat org.testng.SuiteRunner.run(SuiteRunner.java:312)\r\n\tat org.testng.SuiteRunnerWorker.runSuite(SuiteRunnerWorker.java:52)\r\n\tat org.testng.SuiteRunnerWorker.run(SuiteRunnerWorker.java:95)\r\n\tat org.testng.TestNG.runSuitesSequentially(TestNG.java:1274)\r\n\tat org.testng.TestNG.runSuitesLocally(TestNG.java:1208)\r\n\tat org.testng.TestNG.runSuites(TestNG.java:1112)\r\n\tat org.testng.TestNG.run(TestNG.java:1079)\r\n\tat org.apache.maven.surefire.testng.TestNGExecutor.run(TestNGExecutor.java:308)\r\n\tat org.apache.maven.surefire.testng.TestNGXmlTestSuite.execute(TestNGXmlTestSuite.java:71)\r\n\tat org.apache.maven.surefire.testng.TestNGProvider.invoke(TestNGProvider.java:113)\r\n\tat org.apache.maven.surefire.booter.ForkedBooter.runSuitesInProcess(ForkedBooter.java:385)\r\n\tat org.apache.maven.surefire.booter.ForkedBooter.execute(ForkedBooter.java:162)\r\n\tat org.apache.maven.surefire.booter.ForkedBooter.run(ForkedBooter.java:507)\r\n\tat org.apache.maven.surefire.booter.ForkedBooter.main(ForkedBooter.java:495)\r\nCaused by: org.openqa.selenium.TimeoutException: Expected condition failed: waiting for presence of element located by: By.cssSelector: div.login-form > h2 (tried for 10 second(s) with 500 milliseconds interval)\r\n\tat org.openqa.selenium.support.ui.WebDriverWait.timeoutException(WebDriverWait.java:84)\r\n\tat org.openqa.selenium.support.ui.FluentWait.until(FluentWait.java:228)\r\n\tat mySeleniumFramework.self_selenium.Locator(self_selenium.java:68)\r\n\t... 34 more\r\nCaused by: org.openqa.selenium.NoSuchElementException: no such element: Unable to locate element: {\"method\":\"css selector\",\"selector\":\"div.login-form > h2\"}\n  (Session info: chrome=140.0.7339.185)\nFor documentation on this error, please visit: https://www.selenium.dev/documentation/webdriver/troubleshooting/errors#no-such-element-exception\nBuild info: version: '4.35.0', revision: '1c58e5028b'\nSystem info: os.name: 'Windows 11', os.arch: 'amd64', os.version: '10.0', java.version: '24.0.1'\nDriver info: org.openqa.selenium.chrome.ChromeDriver\nCommand: [9b8c01253233a473ea36e5d44af63c7c, findElement {value=div.login-form > h2, using=css selector}]\nCapabilities {acceptInsecureCerts: false, browserName: chrome, browserVersion: 140.0.7339.185, chrome: {chromedriverVersion: 140.0.7339.185 (eeea00e459e..., userDataDir: C:\\Users\\y_all\\AppData\\Loca...}, fedcm:accounts: true, goog:chromeOptions: {debuggerAddress: localhost:54944}, networkConnectionEnabled: false, pageLoadStrategy: normal, platformName: windows, proxy: Proxy(), se:cdp: ws://localhost:54944/devtoo..., se:cdpVersion: 140.0.7339.185, setWindowRect: true, strictFileInteractability: false, timeouts: {implicit: 0, pageLoad: 300000, script: 30000}, unhandledPromptBehavior: dismiss and notify, webauthn:extension:credBlob: true, webauthn:extension:largeBlob: true, webauthn:extension:minPinLength: true, webauthn:extension:prf: true, webauthn:virtualAuthenticators: true}\nSession ID: 9b8c01253233a473ea36e5d44af63c7c\r\n\tat java.base/jdk.internal.reflect.DirectConstructorHandleAccessor.newInstance(DirectConstructorHandleAccessor.java:62)\r\n\tat java.base/java.lang.reflect.Constructor.newInstanceWithCaller(Constructor.java:499)\r\n\tat java.base/java.lang.reflect.Constructor.newInstance(Constructor.java:483)\r\n\tat org.openqa.selenium.remote.ErrorCodec.decode(ErrorCodec.java:167)\r\n\tat org.openqa.selenium.remote.codec.w3c.W3CHttpResponseCodec.decode(W3CHttpResponseCodec.java:138)\r\n\tat org.openqa.selenium.remote.codec.w3c.W3CHttpResponseCodec.decode(W3CHttpResponseCodec.java:50)\r\n\tat org.openqa.selenium.remote.HttpCommandExecutor.execute(HttpCommandExecutor.java:215)\r\n\tat org.openqa.selenium.remote.service.DriverCommandExecutor.invokeExecute(DriverCommandExecutor.java:216)\r\n\tat org.openqa.selenium.remote.service.DriverCommandExecutor.execute(DriverCommandExecutor.java:174)\r\n\tat org.openqa.selenium.remote.RemoteWebDriver.execute(RemoteWebDriver.java:557)\r\n\tat org.openqa.selenium.remote.ElementLocation$ElementFinder$2.findElement(ElementLocation.java:165)\r\n\tat org.openqa.selenium.remote.ElementLocation.findElement(ElementLocation.java:59)\r\n\tat org.openqa.selenium.remote.RemoteWebDriver.findElement(RemoteWebDriver.java:380)\r\n\tat org.openqa.selenium.remote.RemoteWebDriver.findElement(RemoteWebDriver.java:374)\r\n\tat org.openqa.selenium.support.ui.ExpectedConditions$6.apply(ExpectedConditions.java:171)\r\n\tat org.openqa.selenium.support.ui.ExpectedConditions$6.apply(ExpectedConditions.java:168)\r\n\tat org.openqa.selenium.support.ui.FluentWait.until(FluentWait.java:203)\r\n\t... 35 more\r\n"},"stage":"finished","steps":[],"attachments":[],"parameters":[],"start":1758530609471,"stop":1758530619830}],"attachments":[],"parameters":[{"name":"registerBeforeCheckoutUser","value":"Order_TestCases.RegisterBeforeCheckoutUser@281c1f99"},{"name":"formData","value":"Order_TestCases.FormUser@31ee4ba0"},{"name":"checkoutUser","value":"Order_TestCases.LoginCheckoutUser@55f747d3"}],"start":1758530591113,"stop":1758530619830}