<html>
<head>
<title>TestNG:  Product_TestCases</title>
<link href="../testng.css" rel="stylesheet" type="text/css" />
<link href="../my-testng.css" rel="stylesheet" type="text/css" />

<style type="text/css">
.log { display: none;} 
.stack-trace { display: none;} 
</style>
<script type="text/javascript">
<!--
function flip(e) {
  current = e.style.display;
  if (current == 'block') {
    e.style.display = 'none';
    return 0;
  }
  else {
    e.style.display = 'block';
    return 1;
  }
}

function toggleBox(szDivId, elem, msg1, msg2)
{
  var res = -1;  if (document.getElementById) {
    res = flip(document.getElementById(szDivId));
  }
  else if (document.all) {
    // this is the way old msie versions work
    res = flip(document.all[szDivId]);
  }
  if(elem) {
    if(res == 0) elem.innerHTML = msg1; else elem.innerHTML = msg2;
  }

}

function toggleAllBoxes() {
  if (document.getElementsByTagName) {
    d = document.getElementsByTagName('div');
    for (i = 0; i < d.length; i++) {
      if (d[i].className == 'log') {
        flip(d[i]);
      }
    }
  }
}

// -->
</script>

</head>
<body>
<h2 align='center'>Product_TestCases</h2><table border='1' align="center">
<tr>
<td>Tests passed/Failed/Skipped:</td><td>12/4/0</td>
</tr><tr>
<td>Started on:</td><td>Mon Sep 22 11:31:56 EEST 2025</td>
</tr>
<tr><td>Total time:</td><td>395 seconds (395959 ms)</td>
</tr><tr>
<td>Included groups:</td><td></td>
</tr><tr>
<td>Excluded groups:</td><td></td>
</tr>
</table><p/>
<small><i>(Hover the method name to see the test class name)</i></small><p/>
<table width='100%' border='1' class='invocation-failed'>
<tr><td colspan='4' align='center'><b>FAILED TESTS</b></td></tr>
<tr><td><b>Test method</b></td>
<td><b>Attribute(s)</b></td>
<td width="30%"><b>Exception</b></td>
<td width="10%"><b>Time (seconds)</b></td>
<td><b>Instance</b></td>
</tr>
<tr>
<td title='Product_TestCases.SearchProduct.SearchProducts()'><b>SearchProducts</b><br>Test class: Product_TestCases.SearchProduct<br>Parameters: Product_TestCases.Product@639bf405</td>
<td><div><pre>java.lang.AssertionError: Product &apos;rs. 1200
little girls mr. panda shirt
add to cart
view product&apos; does not contain search keyword: Top expected [true] but found [false]
	at Product_TestCases.SearchProduct.validateSearchResultsContainKeyword(SearchProduct.java:223)
	at Product_TestCases.SearchProduct.SearchProducts(SearchProduct.java:181)
	at java.base/java.util.ArrayList.forEach(ArrayList.java:1604)
... Removed 32 stack frames</pre></div><a href='#' onClick='toggleBox("stack-trace2090630781", this, "Click to show all stack frames", "Click to hide stack frames")'>Click to show all stack frames</a>
<div class='stack-trace' id='stack-trace2090630781'><pre>java.lang.AssertionError: Product &apos;rs. 1200
little girls mr. panda shirt
add to cart
view product&apos; does not contain search keyword: Top expected [true] but found [false]
	at org.testng.Assert.fail(Assert.java:111)
	at org.testng.Assert.failNotEquals(Assert.java:1590)
	at org.testng.Assert.assertTrue(Assert.java:57)
	at Product_TestCases.SearchProduct.validateSearchResultsContainKeyword(SearchProduct.java:223)
	at Product_TestCases.SearchProduct.SearchProducts(SearchProduct.java:181)
	at java.base/jdk.internal.reflect.DirectMethodHandleAccessor.invoke(DirectMethodHandleAccessor.java:104)
	at java.base/java.lang.reflect.Method.invoke(Method.java:565)
	at org.testng.internal.invokers.MethodInvocationHelper.invokeMethod(MethodInvocationHelper.java:141)
	at org.testng.internal.invokers.TestInvoker.invokeMethod(TestInvoker.java:687)
	at org.testng.internal.invokers.TestInvoker.invokeTestMethod(TestInvoker.java:230)
	at org.testng.internal.invokers.MethodRunner.runInSequence(MethodRunner.java:63)
	at org.testng.internal.invokers.TestInvoker$MethodInvocationAgent.invoke(TestInvoker.java:995)
	at org.testng.internal.invokers.TestInvoker.invokeTestMethods(TestInvoker.java:203)
	at org.testng.internal.invokers.TestMethodWorker.invokeTestMethods(TestMethodWorker.java:154)
	at org.testng.internal.invokers.TestMethodWorker.run(TestMethodWorker.java:134)
	at java.base/java.util.ArrayList.forEach(ArrayList.java:1604)
	at org.testng.TestRunner.privateRun(TestRunner.java:741)
	at org.testng.TestRunner.run(TestRunner.java:616)
	at org.testng.SuiteRunner.runTest(SuiteRunner.java:421)
	at org.testng.SuiteRunner.runSequentially(SuiteRunner.java:413)
	at org.testng.SuiteRunner.privateRun(SuiteRunner.java:373)
	at org.testng.SuiteRunner.run(SuiteRunner.java:312)
	at org.testng.SuiteRunnerWorker.runSuite(SuiteRunnerWorker.java:52)
	at org.testng.SuiteRunnerWorker.run(SuiteRunnerWorker.java:95)
	at org.testng.TestNG.runSuitesSequentially(TestNG.java:1274)
	at org.testng.TestNG.runSuitesLocally(TestNG.java:1208)
	at org.testng.TestNG.runSuites(TestNG.java:1112)
	at org.testng.TestNG.run(TestNG.java:1079)
	at org.apache.maven.surefire.testng.TestNGExecutor.run(TestNGExecutor.java:308)
	at org.apache.maven.surefire.testng.TestNGXmlTestSuite.execute(TestNGXmlTestSuite.java:71)
	at org.apache.maven.surefire.testng.TestNGProvider.invoke(TestNGProvider.java:113)
	at org.apache.maven.surefire.booter.ForkedBooter.runSuitesInProcess(ForkedBooter.java:385)
	at org.apache.maven.surefire.booter.ForkedBooter.execute(ForkedBooter.java:162)
	at org.apache.maven.surefire.booter.ForkedBooter.run(ForkedBooter.java:507)
	at org.apache.maven.surefire.booter.ForkedBooter.main(ForkedBooter.java:495)
</pre></div></td>
<td>9</td>
<td>Product_TestCases.SearchProduct@72e36677</td></tr>
<tr>
<td title='Product_TestCases.SearchProduct.SearchProducts()'><b>SearchProducts</b><br>Test class: Product_TestCases.SearchProduct<br>Parameters: Product_TestCases.Product@627cb3ed</td>
<td><div><pre>org.openqa.selenium.TimeoutException: Expected condition failed: waiting for visibility of element located by By.cssSelector: div.features_items &gt; div.col-sm-4 &gt; div.product-image-wrapper (tried for 10 second(s) with 500 milliseconds interval)
Build info: version: &apos;4.35.0&apos;, revision: &apos;1c58e5028b&apos;
System info: os.name: &apos;Windows 11&apos;, os.arch: &apos;amd64&apos;, os.version: &apos;10.0&apos;, java.version: &apos;24.0.1&apos;
Driver info: org.openqa.selenium.chrome.ChromeDriver
Capabilities {acceptInsecureCerts: false, browserName: chrome, browserVersion: 140.0.7339.185, chrome: {chromedriverVersion: 140.0.7339.185 (eeea00e459e..., userDataDir: C:\Users\y_all\AppData\Loca...}, fedcm:accounts: true, goog:chromeOptions: {debuggerAddress: localhost:54088}, networkConnectionEnabled: false, pageLoadStrategy: normal, platformName: windows, proxy: Proxy(), se:cdp: ws://localhost:54088/devtoo..., se:cdpVersion: 140.0.7339.185, setWindowRect: true, strictFileInteractability: false, timeouts: {implicit: 0, pageLoad: 300000, script: 30000}, unhandledPromptBehavior: dismiss and notify, webauthn:extension:credBlob: true, webauthn:extension:largeBlob: true, webauthn:extension:minPinLength: true, webauthn:extension:prf: true, webauthn:virtualAuthenticators: true}
Session ID: 20f9075a19e9bf9a5dc6092b53c8e246
	at org.openqa.selenium.support.ui.WebDriverWait.timeoutException(WebDriverWait.java:84)
	at org.openqa.selenium.support.ui.FluentWait.until(FluentWait.java:228)
	at mySeleniumFramework.self_selenium.explicitWait(self_selenium.java:85)
	at automationExercise_Pages.ProductsPage.searchProduct(ProductsPage.java:149)
	at Product_TestCases.SearchProduct.validateSearchResultsContainKeyword(SearchProduct.java:214)
	at Product_TestCases.SearchProduct.SearchProducts(SearchProduct.java:181)
	at java.base/java.util.ArrayList.forEach(ArrayList.java:1604)
... Removed 29 stack frames</pre></div><a href='#' onClick='toggleBox("stack-trace1881845799", this, "Click to show all stack frames", "Click to hide stack frames")'>Click to show all stack frames</a>
<div class='stack-trace' id='stack-trace1881845799'><pre>org.openqa.selenium.TimeoutException: Expected condition failed: waiting for visibility of element located by By.cssSelector: div.features_items &gt; div.col-sm-4 &gt; div.product-image-wrapper (tried for 10 second(s) with 500 milliseconds interval)
Build info: version: &apos;4.35.0&apos;, revision: &apos;1c58e5028b&apos;
System info: os.name: &apos;Windows 11&apos;, os.arch: &apos;amd64&apos;, os.version: &apos;10.0&apos;, java.version: &apos;24.0.1&apos;
Driver info: org.openqa.selenium.chrome.ChromeDriver
Capabilities {acceptInsecureCerts: false, browserName: chrome, browserVersion: 140.0.7339.185, chrome: {chromedriverVersion: 140.0.7339.185 (eeea00e459e..., userDataDir: C:\Users\y_all\AppData\Loca...}, fedcm:accounts: true, goog:chromeOptions: {debuggerAddress: localhost:54088}, networkConnectionEnabled: false, pageLoadStrategy: normal, platformName: windows, proxy: Proxy(), se:cdp: ws://localhost:54088/devtoo..., se:cdpVersion: 140.0.7339.185, setWindowRect: true, strictFileInteractability: false, timeouts: {implicit: 0, pageLoad: 300000, script: 30000}, unhandledPromptBehavior: dismiss and notify, webauthn:extension:credBlob: true, webauthn:extension:largeBlob: true, webauthn:extension:minPinLength: true, webauthn:extension:prf: true, webauthn:virtualAuthenticators: true}
Session ID: 20f9075a19e9bf9a5dc6092b53c8e246
	at org.openqa.selenium.support.ui.WebDriverWait.timeoutException(WebDriverWait.java:84)
	at org.openqa.selenium.support.ui.FluentWait.until(FluentWait.java:228)
	at mySeleniumFramework.self_selenium.explicitWait(self_selenium.java:85)
	at automationExercise_Pages.ProductsPage.searchProduct(ProductsPage.java:149)
	at Product_TestCases.SearchProduct.validateSearchResultsContainKeyword(SearchProduct.java:214)
	at Product_TestCases.SearchProduct.SearchProducts(SearchProduct.java:181)
	at java.base/jdk.internal.reflect.DirectMethodHandleAccessor.invoke(DirectMethodHandleAccessor.java:104)
	at java.base/java.lang.reflect.Method.invoke(Method.java:565)
	at org.testng.internal.invokers.MethodInvocationHelper.invokeMethod(MethodInvocationHelper.java:141)
	at org.testng.internal.invokers.TestInvoker.invokeMethod(TestInvoker.java:687)
	at org.testng.internal.invokers.TestInvoker.invokeTestMethod(TestInvoker.java:230)
	at org.testng.internal.invokers.MethodRunner.runInSequence(MethodRunner.java:63)
	at org.testng.internal.invokers.TestInvoker$MethodInvocationAgent.invoke(TestInvoker.java:995)
	at org.testng.internal.invokers.TestInvoker.invokeTestMethods(TestInvoker.java:203)
	at org.testng.internal.invokers.TestMethodWorker.invokeTestMethods(TestMethodWorker.java:154)
	at org.testng.internal.invokers.TestMethodWorker.run(TestMethodWorker.java:134)
	at java.base/java.util.ArrayList.forEach(ArrayList.java:1604)
	at org.testng.TestRunner.privateRun(TestRunner.java:741)
	at org.testng.TestRunner.run(TestRunner.java:616)
	at org.testng.SuiteRunner.runTest(SuiteRunner.java:421)
	at org.testng.SuiteRunner.runSequentially(SuiteRunner.java:413)
	at org.testng.SuiteRunner.privateRun(SuiteRunner.java:373)
	at org.testng.SuiteRunner.run(SuiteRunner.java:312)
	at org.testng.SuiteRunnerWorker.runSuite(SuiteRunnerWorker.java:52)
	at org.testng.SuiteRunnerWorker.run(SuiteRunnerWorker.java:95)
	at org.testng.TestNG.runSuitesSequentially(TestNG.java:1274)
	at org.testng.TestNG.runSuitesLocally(TestNG.java:1208)
	at org.testng.TestNG.runSuites(TestNG.java:1112)
	at org.testng.TestNG.run(TestNG.java:1079)
	at org.apache.maven.surefire.testng.TestNGExecutor.run(TestNGExecutor.java:308)
	at org.apache.maven.surefire.testng.TestNGXmlTestSuite.execute(TestNGXmlTestSuite.java:71)
	at org.apache.maven.surefire.testng.TestNGProvider.invoke(TestNGProvider.java:113)
	at org.apache.maven.surefire.booter.ForkedBooter.runSuitesInProcess(ForkedBooter.java:385)
	at org.apache.maven.surefire.booter.ForkedBooter.execute(ForkedBooter.java:162)
	at org.apache.maven.surefire.booter.ForkedBooter.run(ForkedBooter.java:507)
	at org.apache.maven.surefire.booter.ForkedBooter.main(ForkedBooter.java:495)
</pre></div></td>
<td>16</td>
<td>Product_TestCases.SearchProduct@72e36677</td></tr>
<tr>
<td title='Product_TestCases.SearchProduct_CartLogin.SearchProducts_and_VerifyCartAfterLogin()'><b>SearchProducts_and_VerifyCartAfterLogin</b><br>Test class: Product_TestCases.SearchProduct_CartLogin<br>Parameters: Product_TestCases.SignUpUser@4096a622, Product_TestCases.FormUser@5d796665, Product_TestCases.Product@7b3489b7, Product_TestCases.LoginUser@4df3b838</td>
<td><div><pre>java.lang.AssertionError: Product &apos;rs. 1200
little girls mr. panda shirt
add to cart
view product&apos; does not contain search keyword: Top expected [true] but found [false]
	at Product_TestCases.SearchProduct_CartLogin.validateSearchResultsContainKeyword(SearchProduct_CartLogin.java:303)
	at Product_TestCases.SearchProduct_CartLogin.SearchProducts_and_VerifyCartAfterLogin(SearchProduct_CartLogin.java:247)
	at java.base/java.util.ArrayList.forEach(ArrayList.java:1604)
... Removed 32 stack frames</pre></div><a href='#' onClick='toggleBox("stack-trace2080803963", this, "Click to show all stack frames", "Click to hide stack frames")'>Click to show all stack frames</a>
<div class='stack-trace' id='stack-trace2080803963'><pre>java.lang.AssertionError: Product &apos;rs. 1200
little girls mr. panda shirt
add to cart
view product&apos; does not contain search keyword: Top expected [true] but found [false]
	at org.testng.Assert.fail(Assert.java:111)
	at org.testng.Assert.failNotEquals(Assert.java:1590)
	at org.testng.Assert.assertTrue(Assert.java:57)
	at Product_TestCases.SearchProduct_CartLogin.validateSearchResultsContainKeyword(SearchProduct_CartLogin.java:303)
	at Product_TestCases.SearchProduct_CartLogin.SearchProducts_and_VerifyCartAfterLogin(SearchProduct_CartLogin.java:247)
	at java.base/jdk.internal.reflect.DirectMethodHandleAccessor.invoke(DirectMethodHandleAccessor.java:104)
	at java.base/java.lang.reflect.Method.invoke(Method.java:565)
	at org.testng.internal.invokers.MethodInvocationHelper.invokeMethod(MethodInvocationHelper.java:141)
	at org.testng.internal.invokers.TestInvoker.invokeMethod(TestInvoker.java:687)
	at org.testng.internal.invokers.TestInvoker.invokeTestMethod(TestInvoker.java:230)
	at org.testng.internal.invokers.MethodRunner.runInSequence(MethodRunner.java:63)
	at org.testng.internal.invokers.TestInvoker$MethodInvocationAgent.invoke(TestInvoker.java:995)
	at org.testng.internal.invokers.TestInvoker.invokeTestMethods(TestInvoker.java:203)
	at org.testng.internal.invokers.TestMethodWorker.invokeTestMethods(TestMethodWorker.java:154)
	at org.testng.internal.invokers.TestMethodWorker.run(TestMethodWorker.java:134)
	at java.base/java.util.ArrayList.forEach(ArrayList.java:1604)
	at org.testng.TestRunner.privateRun(TestRunner.java:741)
	at org.testng.TestRunner.run(TestRunner.java:616)
	at org.testng.SuiteRunner.runTest(SuiteRunner.java:421)
	at org.testng.SuiteRunner.runSequentially(SuiteRunner.java:413)
	at org.testng.SuiteRunner.privateRun(SuiteRunner.java:373)
	at org.testng.SuiteRunner.run(SuiteRunner.java:312)
	at org.testng.SuiteRunnerWorker.runSuite(SuiteRunnerWorker.java:52)
	at org.testng.SuiteRunnerWorker.run(SuiteRunnerWorker.java:95)
	at org.testng.TestNG.runSuitesSequentially(TestNG.java:1274)
	at org.testng.TestNG.runSuitesLocally(TestNG.java:1208)
	at org.testng.TestNG.runSuites(TestNG.java:1112)
	at org.testng.TestNG.run(TestNG.java:1079)
	at org.apache.maven.surefire.testng.TestNGExecutor.run(TestNGExecutor.java:308)
	at org.apache.maven.surefire.testng.TestNGXmlTestSuite.execute(TestNGXmlTestSuite.java:71)
	at org.apache.maven.surefire.testng.TestNGProvider.invoke(TestNGProvider.java:113)
	at org.apache.maven.surefire.booter.ForkedBooter.runSuitesInProcess(ForkedBooter.java:385)
	at org.apache.maven.surefire.booter.ForkedBooter.execute(ForkedBooter.java:162)
	at org.apache.maven.surefire.booter.ForkedBooter.run(ForkedBooter.java:507)
	at org.apache.maven.surefire.booter.ForkedBooter.main(ForkedBooter.java:495)
</pre></div></td>
<td>13</td>
<td>Product_TestCases.SearchProduct_CartLogin@2bc59ab7</td></tr>
<tr>
<td title='Product_TestCases.SearchProduct.SearchProducts()'><b>SearchProducts</b><br>Test class: Product_TestCases.SearchProduct<br>Parameters: Product_TestCases.Product@5de14222</td>
<td><div><pre>org.openqa.selenium.TimeoutException: Expected condition failed: waiting for visibility of element located by By.cssSelector: div.features_items &gt; div.col-sm-4 &gt; div.product-image-wrapper (tried for 10 second(s) with 500 milliseconds interval)
Build info: version: &apos;4.35.0&apos;, revision: &apos;1c58e5028b&apos;
System info: os.name: &apos;Windows 11&apos;, os.arch: &apos;amd64&apos;, os.version: &apos;10.0&apos;, java.version: &apos;24.0.1&apos;
Driver info: org.openqa.selenium.chrome.ChromeDriver
Capabilities {acceptInsecureCerts: false, browserName: chrome, browserVersion: 140.0.7339.185, chrome: {chromedriverVersion: 140.0.7339.185 (eeea00e459e..., userDataDir: C:\Users\y_all\AppData\Loca...}, fedcm:accounts: true, goog:chromeOptions: {debuggerAddress: localhost:54051}, networkConnectionEnabled: false, pageLoadStrategy: normal, platformName: windows, proxy: Proxy(), se:cdp: ws://localhost:54051/devtoo..., se:cdpVersion: 140.0.7339.185, setWindowRect: true, strictFileInteractability: false, timeouts: {implicit: 0, pageLoad: 300000, script: 30000}, unhandledPromptBehavior: dismiss and notify, webauthn:extension:credBlob: true, webauthn:extension:largeBlob: true, webauthn:extension:minPinLength: true, webauthn:extension:prf: true, webauthn:virtualAuthenticators: true}
Session ID: d6e5a5761ec57e8a05f864fe2ee19e74
	at org.openqa.selenium.support.ui.WebDriverWait.timeoutException(WebDriverWait.java:84)
	at org.openqa.selenium.support.ui.FluentWait.until(FluentWait.java:228)
	at mySeleniumFramework.self_selenium.explicitWait(self_selenium.java:85)
	at automationExercise_Pages.ProductsPage.searchProduct(ProductsPage.java:149)
	at Product_TestCases.SearchProduct.validateSearchResultsContainKeyword(SearchProduct.java:214)
	at Product_TestCases.SearchProduct.SearchProducts(SearchProduct.java:181)
	at java.base/java.util.ArrayList.forEach(ArrayList.java:1604)
... Removed 29 stack frames</pre></div><a href='#' onClick='toggleBox("stack-trace680415425", this, "Click to show all stack frames", "Click to hide stack frames")'>Click to show all stack frames</a>
<div class='stack-trace' id='stack-trace680415425'><pre>org.openqa.selenium.TimeoutException: Expected condition failed: waiting for visibility of element located by By.cssSelector: div.features_items &gt; div.col-sm-4 &gt; div.product-image-wrapper (tried for 10 second(s) with 500 milliseconds interval)
Build info: version: &apos;4.35.0&apos;, revision: &apos;1c58e5028b&apos;
System info: os.name: &apos;Windows 11&apos;, os.arch: &apos;amd64&apos;, os.version: &apos;10.0&apos;, java.version: &apos;24.0.1&apos;
Driver info: org.openqa.selenium.chrome.ChromeDriver
Capabilities {acceptInsecureCerts: false, browserName: chrome, browserVersion: 140.0.7339.185, chrome: {chromedriverVersion: 140.0.7339.185 (eeea00e459e..., userDataDir: C:\Users\y_all\AppData\Loca...}, fedcm:accounts: true, goog:chromeOptions: {debuggerAddress: localhost:54051}, networkConnectionEnabled: false, pageLoadStrategy: normal, platformName: windows, proxy: Proxy(), se:cdp: ws://localhost:54051/devtoo..., se:cdpVersion: 140.0.7339.185, setWindowRect: true, strictFileInteractability: false, timeouts: {implicit: 0, pageLoad: 300000, script: 30000}, unhandledPromptBehavior: dismiss and notify, webauthn:extension:credBlob: true, webauthn:extension:largeBlob: true, webauthn:extension:minPinLength: true, webauthn:extension:prf: true, webauthn:virtualAuthenticators: true}
Session ID: d6e5a5761ec57e8a05f864fe2ee19e74
	at org.openqa.selenium.support.ui.WebDriverWait.timeoutException(WebDriverWait.java:84)
	at org.openqa.selenium.support.ui.FluentWait.until(FluentWait.java:228)
	at mySeleniumFramework.self_selenium.explicitWait(self_selenium.java:85)
	at automationExercise_Pages.ProductsPage.searchProduct(ProductsPage.java:149)
	at Product_TestCases.SearchProduct.validateSearchResultsContainKeyword(SearchProduct.java:214)
	at Product_TestCases.SearchProduct.SearchProducts(SearchProduct.java:181)
	at java.base/jdk.internal.reflect.DirectMethodHandleAccessor.invoke(DirectMethodHandleAccessor.java:104)
	at java.base/java.lang.reflect.Method.invoke(Method.java:565)
	at org.testng.internal.invokers.MethodInvocationHelper.invokeMethod(MethodInvocationHelper.java:141)
	at org.testng.internal.invokers.TestInvoker.invokeMethod(TestInvoker.java:687)
	at org.testng.internal.invokers.TestInvoker.invokeTestMethod(TestInvoker.java:230)
	at org.testng.internal.invokers.MethodRunner.runInSequence(MethodRunner.java:63)
	at org.testng.internal.invokers.TestInvoker$MethodInvocationAgent.invoke(TestInvoker.java:995)
	at org.testng.internal.invokers.TestInvoker.invokeTestMethods(TestInvoker.java:203)
	at org.testng.internal.invokers.TestMethodWorker.invokeTestMethods(TestMethodWorker.java:154)
	at org.testng.internal.invokers.TestMethodWorker.run(TestMethodWorker.java:134)
	at java.base/java.util.ArrayList.forEach(ArrayList.java:1604)
	at org.testng.TestRunner.privateRun(TestRunner.java:741)
	at org.testng.TestRunner.run(TestRunner.java:616)
	at org.testng.SuiteRunner.runTest(SuiteRunner.java:421)
	at org.testng.SuiteRunner.runSequentially(SuiteRunner.java:413)
	at org.testng.SuiteRunner.privateRun(SuiteRunner.java:373)
	at org.testng.SuiteRunner.run(SuiteRunner.java:312)
	at org.testng.SuiteRunnerWorker.runSuite(SuiteRunnerWorker.java:52)
	at org.testng.SuiteRunnerWorker.run(SuiteRunnerWorker.java:95)
	at org.testng.TestNG.runSuitesSequentially(TestNG.java:1274)
	at org.testng.TestNG.runSuitesLocally(TestNG.java:1208)
	at org.testng.TestNG.runSuites(TestNG.java:1112)
	at org.testng.TestNG.run(TestNG.java:1079)
	at org.apache.maven.surefire.testng.TestNGExecutor.run(TestNGExecutor.java:308)
	at org.apache.maven.surefire.testng.TestNGXmlTestSuite.execute(TestNGXmlTestSuite.java:71)
	at org.apache.maven.surefire.testng.TestNGProvider.invoke(TestNGProvider.java:113)
	at org.apache.maven.surefire.booter.ForkedBooter.runSuitesInProcess(ForkedBooter.java:385)
	at org.apache.maven.surefire.booter.ForkedBooter.execute(ForkedBooter.java:162)
	at org.apache.maven.surefire.booter.ForkedBooter.run(ForkedBooter.java:507)
	at org.apache.maven.surefire.booter.ForkedBooter.main(ForkedBooter.java:495)
</pre></div></td>
<td>13</td>
<td>Product_TestCases.SearchProduct@72e36677</td></tr>
</table><p>
<table width='100%' border='1' class='invocation-passed'>
<tr><td colspan='4' align='center'><b>PASSED TESTS</b></td></tr>
<tr><td><b>Test method</b></td>
<td><b>Attribute(s)</b></td>
<td width="30%"><b>Exception</b></td>
<td width="10%"><b>Time (seconds)</b></td>
<td><b>Instance</b></td>
</tr>
<tr>
<td title='Product_TestCases.AddProductsCart.AddProductsToCart()'><b>AddProductsToCart</b><br>Test class: Product_TestCases.AddProductsCart</td>
<td></td>
<td>6</td>
<td>Product_TestCases.AddProductsCart@6b86826a</td></tr>
<tr>
<td title='Product_TestCases.AddToCartRecommendedItems.AddToCartFromRecommendedItems()'><b>AddToCartFromRecommendedItems</b><br>Test class: Product_TestCases.AddToCartRecommendedItems</td>
<td></td>
<td>11</td>
<td>Product_TestCases.AddToCartRecommendedItems@4b9fa2f</td></tr>
<tr>
<td title='Product_TestCases.AddReview.AddReviewOnProduct()'><b>AddReviewOnProduct</b><br>Test class: Product_TestCases.AddReview</td>
<td></td>
<td>5</td>
<td>Product_TestCases.AddReview@6d80e411</td></tr>
<tr>
<td title='Product_TestCases.ViewCartBrandProducts.AddProductsToCartByBrand()'><b>AddProductsToCartByBrand</b><br>Test class: Product_TestCases.ViewCartBrandProducts</td>
<td></td>
<td>11</td>
<td>Product_TestCases.ViewCartBrandProducts@32caae19</td></tr>
<tr>
<td title='Product_TestCases.SearchProduct_CartLogin.SearchProducts_and_VerifyCartAfterLogin()'><b>SearchProducts_and_VerifyCartAfterLogin</b><br>Test class: Product_TestCases.SearchProduct_CartLogin<br>Parameters: Product_TestCases.SignUpUser@5683a326, Product_TestCases.FormUser@7574d30b, Product_TestCases.Product@6723626f, Product_TestCases.LoginUser@411bed55</td>
<td></td>
<td>48</td>
<td>Product_TestCases.SearchProduct_CartLogin@2bc59ab7</td></tr>
<tr>
<td title='Product_TestCases.SearchProduct.SearchProducts()'><b>SearchProducts</b><br>Test class: Product_TestCases.SearchProduct<br>Parameters: Product_TestCases.Product@4ee1c29a</td>
<td></td>
<td>4</td>
<td>Product_TestCases.SearchProduct@72e36677</td></tr>
<tr>
<td title='Product_TestCases.RemoveProductsFromCart.RemoveProductsFromCart()'><b>RemoveProductsFromCart</b><br>Test class: Product_TestCases.RemoveProductsFromCart</td>
<td></td>
<td>10</td>
<td>Product_TestCases.RemoveProductsFromCart@3c2dda7c</td></tr>
<tr>
<td title='Product_TestCases.VerifyProductPage.VerifyProductPage()'><b>VerifyProductPage</b><br>Test class: Product_TestCases.VerifyProductPage</td>
<td></td>
<td>7</td>
<td>Product_TestCases.VerifyProductPage@39ae6408</td></tr>
<tr>
<td title='Product_TestCases.SearchProduct.SearchProducts()'><b>SearchProducts</b><br>Test class: Product_TestCases.SearchProduct<br>Parameters: Product_TestCases.Product@669b8190</td>
<td></td>
<td>5</td>
<td>Product_TestCases.SearchProduct@72e36677</td></tr>
<tr>
<td title='Product_TestCases.SearchProduct_CartLogin.SearchProducts_and_VerifyCartAfterLogin()'><b>SearchProducts_and_VerifyCartAfterLogin</b><br>Test class: Product_TestCases.SearchProduct_CartLogin<br>Parameters: Product_TestCases.SignUpUser@5effc15d, Product_TestCases.FormUser@2a7ed9bd, Product_TestCases.Product@7ba38cce, Product_TestCases.LoginUser@28dae87e</td>
<td></td>
<td>30</td>
<td>Product_TestCases.SearchProduct_CartLogin@2bc59ab7</td></tr>
<tr>
<td title='Product_TestCases.ViewCategoryProducts.ViewProductsByCategory()'><b>ViewProductsByCategory</b><br>Test class: Product_TestCases.ViewCategoryProducts</td>
<td></td>
<td>8</td>
<td>Product_TestCases.ViewCategoryProducts@60e67c06</td></tr>
<tr>
<td title='Product_TestCases.SearchProduct.SearchProducts()'><b>SearchProducts</b><br>Test class: Product_TestCases.SearchProduct<br>Parameters: Product_TestCases.Product@21539796</td>
<td></td>
<td>8</td>
<td>Product_TestCases.SearchProduct@72e36677</td></tr>
</table><p>
</body>
</html>