<?xml version="1.0" encoding="UTF-8"?>
<!-- Generated by org.testng.reporters.JUnitXMLReporter -->
<testsuite ignored="0" hostname="DESKTOP-TNI7Q4T" failures="4" tests="16" name="Product_TestCases" time="395.959" errors="0" timestamp="2025-09-22T11:38:32 EEST">
  <testcase classname="Product_TestCases.VerifyProductPage" name="VerifyProductPage" time="7.197"/>
  <testcase classname="Product_TestCases.SearchProduct" name="SearchProducts" time="8.498"/>
  <testcase classname="Product_TestCases.SearchProduct" name="SearchProducts" time="9.926">
    <failure type="java.lang.AssertionError" message="Product &amp;apos;rs. 1200
little girls mr. panda shirt
add to cart
view product&amp;apos; does not contain search keyword: Top expected [true] but found [false]">
      <![CDATA[java.lang.AssertionError: Product 'rs. 1200
little girls mr. panda shirt
add to cart
view product' does not contain search keyword: Top expected [true] but found [false]
at Product_TestCases.SearchProduct.validateSearchResultsContainKeyword(SearchProduct.java:223)
at Product_TestCases.SearchProduct.SearchProducts(SearchProduct.java:181)
at java.base/java.util.ArrayList.forEach(ArrayList.java:1604)
... Removed 32 stack frames]]>
    </failure>
  </testcase> <!-- SearchProducts -->
  <testcase classname="Product_TestCases.SearchProduct" name="SearchProducts" time="4.339"/>
  <testcase classname="Product_TestCases.SearchProduct" name="SearchProducts" time="13.874">
    <failure type="org.openqa.selenium.TimeoutException" message="Expected condition failed: waiting for visibility of element located by By.cssSelector: div.features_items &amp;gt; div.col-sm-4 &amp;gt; div.product-image-wrapper (tried for 10 second(s) with 500 milliseconds interval)
Build info: version: &amp;apos;4.35.0&amp;apos;, revision: &amp;apos;1c58e5028b&amp;apos;
System info: os.name: &amp;apos;Windows 11&amp;apos;, os.arch: &amp;apos;amd64&amp;apos;, os.version: &amp;apos;10.0&amp;apos;, java.version: &amp;apos;24.0.1&amp;apos;
Driver info: org.openqa.selenium.chrome.ChromeDriver
Capabilities {acceptInsecureCerts: false, browserName: chrome, browserVersion: 140.0.7339.185, chrome: {chromedriverVersion: 140.0.7339.185 (eeea00e459e..., userDataDir: C:\Users\y_all\AppData\Loca...}, fedcm:accounts: true, goog:chromeOptions: {debuggerAddress: localhost:54051}, networkConnectionEnabled: false, pageLoadStrategy: normal, platformName: windows, proxy: Proxy(), se:cdp: ws://localhost:54051/devtoo..., se:cdpVersion: 140.0.7339.185, setWindowRect: true, strictFileInteractability: false, timeouts: {implicit: 0, pageLoad: 300000, script: 30000}, unhandledPromptBehavior: dismiss and notify, webauthn:extension:credBlob: true, webauthn:extension:largeBlob: true, webauthn:extension:minPinLength: true, webauthn:extension:prf: true, webauthn:virtualAuthenticators: true}
Session ID: d6e5a5761ec57e8a05f864fe2ee19e74">
      <![CDATA[org.openqa.selenium.TimeoutException: Expected condition failed: waiting for visibility of element located by By.cssSelector: div.features_items > div.col-sm-4 > div.product-image-wrapper (tried for 10 second(s) with 500 milliseconds interval)
Build info: version: '4.35.0', revision: '1c58e5028b'
System info: os.name: 'Windows 11', os.arch: 'amd64', os.version: '10.0', java.version: '24.0.1'
Driver info: org.openqa.selenium.chrome.ChromeDriver
Capabilities {acceptInsecureCerts: false, browserName: chrome, browserVersion: 140.0.7339.185, chrome: {chromedriverVersion: 140.0.7339.185 (eeea00e459e..., userDataDir: C:\Users\y_all\AppData\Loca...}, fedcm:accounts: true, goog:chromeOptions: {debuggerAddress: localhost:54051}, networkConnectionEnabled: false, pageLoadStrategy: normal, platformName: windows, proxy: Proxy(), se:cdp: ws://localhost:54051/devtoo..., se:cdpVersion: 140.0.7339.185, setWindowRect: true, strictFileInteractability: false, timeouts: {implicit: 0, pageLoad: 300000, script: 30000}, unhandledPromptBehavior: dismiss and notify, webauthn:extension:credBlob: true, webauthn:extension:largeBlob: true, webauthn:extension:minPinLength: true, webauthn:extension:prf: true, webauthn:virtualAuthenticators: true}
Session ID: d6e5a5761ec57e8a05f864fe2ee19e74
at org.openqa.selenium.support.ui.WebDriverWait.timeoutException(WebDriverWait.java:84)
at org.openqa.selenium.support.ui.FluentWait.until(FluentWait.java:228)
at mySeleniumFramework.self_selenium.explicitWait(self_selenium.java:85)
at automationExercise_Pages.ProductsPage.searchProduct(ProductsPage.java:149)
at Product_TestCases.SearchProduct.validateSearchResultsContainKeyword(SearchProduct.java:214)
at Product_TestCases.SearchProduct.SearchProducts(SearchProduct.java:181)
at java.base/java.util.ArrayList.forEach(ArrayList.java:1604)
... Removed 29 stack frames]]>
    </failure>
  </testcase> <!-- SearchProducts -->
  <testcase classname="Product_TestCases.SearchProduct" name="SearchProducts" time="16.184">
    <failure type="org.openqa.selenium.TimeoutException" message="Expected condition failed: waiting for visibility of element located by By.cssSelector: div.features_items &amp;gt; div.col-sm-4 &amp;gt; div.product-image-wrapper (tried for 10 second(s) with 500 milliseconds interval)
Build info: version: &amp;apos;4.35.0&amp;apos;, revision: &amp;apos;1c58e5028b&amp;apos;
System info: os.name: &amp;apos;Windows 11&amp;apos;, os.arch: &amp;apos;amd64&amp;apos;, os.version: &amp;apos;10.0&amp;apos;, java.version: &amp;apos;24.0.1&amp;apos;
Driver info: org.openqa.selenium.chrome.ChromeDriver
Capabilities {acceptInsecureCerts: false, browserName: chrome, browserVersion: 140.0.7339.185, chrome: {chromedriverVersion: 140.0.7339.185 (eeea00e459e..., userDataDir: C:\Users\y_all\AppData\Loca...}, fedcm:accounts: true, goog:chromeOptions: {debuggerAddress: localhost:54088}, networkConnectionEnabled: false, pageLoadStrategy: normal, platformName: windows, proxy: Proxy(), se:cdp: ws://localhost:54088/devtoo..., se:cdpVersion: 140.0.7339.185, setWindowRect: true, strictFileInteractability: false, timeouts: {implicit: 0, pageLoad: 300000, script: 30000}, unhandledPromptBehavior: dismiss and notify, webauthn:extension:credBlob: true, webauthn:extension:largeBlob: true, webauthn:extension:minPinLength: true, webauthn:extension:prf: true, webauthn:virtualAuthenticators: true}
Session ID: 20f9075a19e9bf9a5dc6092b53c8e246">
      <![CDATA[org.openqa.selenium.TimeoutException: Expected condition failed: waiting for visibility of element located by By.cssSelector: div.features_items > div.col-sm-4 > div.product-image-wrapper (tried for 10 second(s) with 500 milliseconds interval)
Build info: version: '4.35.0', revision: '1c58e5028b'
System info: os.name: 'Windows 11', os.arch: 'amd64', os.version: '10.0', java.version: '24.0.1'
Driver info: org.openqa.selenium.chrome.ChromeDriver
Capabilities {acceptInsecureCerts: false, browserName: chrome, browserVersion: 140.0.7339.185, chrome: {chromedriverVersion: 140.0.7339.185 (eeea00e459e..., userDataDir: C:\Users\y_all\AppData\Loca...}, fedcm:accounts: true, goog:chromeOptions: {debuggerAddress: localhost:54088}, networkConnectionEnabled: false, pageLoadStrategy: normal, platformName: windows, proxy: Proxy(), se:cdp: ws://localhost:54088/devtoo..., se:cdpVersion: 140.0.7339.185, setWindowRect: true, strictFileInteractability: false, timeouts: {implicit: 0, pageLoad: 300000, script: 30000}, unhandledPromptBehavior: dismiss and notify, webauthn:extension:credBlob: true, webauthn:extension:largeBlob: true, webauthn:extension:minPinLength: true, webauthn:extension:prf: true, webauthn:virtualAuthenticators: true}
Session ID: 20f9075a19e9bf9a5dc6092b53c8e246
at org.openqa.selenium.support.ui.WebDriverWait.timeoutException(WebDriverWait.java:84)
at org.openqa.selenium.support.ui.FluentWait.until(FluentWait.java:228)
at mySeleniumFramework.self_selenium.explicitWait(self_selenium.java:85)
at automationExercise_Pages.ProductsPage.searchProduct(ProductsPage.java:149)
at Product_TestCases.SearchProduct.validateSearchResultsContainKeyword(SearchProduct.java:214)
at Product_TestCases.SearchProduct.SearchProducts(SearchProduct.java:181)
at java.base/java.util.ArrayList.forEach(ArrayList.java:1604)
... Removed 29 stack frames]]>
    </failure>
  </testcase> <!-- SearchProducts -->
  <testcase classname="Product_TestCases.SearchProduct" name="SearchProducts" time="5.201"/>
  <testcase classname="Product_TestCases.AddProductsCart" name="AddProductsToCart" time="6.381"/>
  <testcase classname="Product_TestCases.RemoveProductsFromCart" name="RemoveProductsFromCart" time="10.07"/>
  <testcase classname="Product_TestCases.AddToCartRecommendedItems" name="AddToCartFromRecommendedItems" time="11.847"/>
  <testcase classname="Product_TestCases.AddReview" name="AddReviewOnProduct" time="5.182"/>
  <testcase classname="Product_TestCases.ViewCartBrandProducts" name="AddProductsToCartByBrand" time="11.903"/>
  <testcase classname="Product_TestCases.ViewCategoryProducts" name="ViewProductsByCategory" time="8.205"/>
  <testcase classname="Product_TestCases.SearchProduct_CartLogin" name="SearchProducts_and_VerifyCartAfterLogin" time="30.5"/>
  <testcase classname="Product_TestCases.SearchProduct_CartLogin" name="SearchProducts_and_VerifyCartAfterLogin" time="13.119">
    <failure type="java.lang.AssertionError" message="Product &amp;apos;rs. 1200
little girls mr. panda shirt
add to cart
view product&amp;apos; does not contain search keyword: Top expected [true] but found [false]">
      <![CDATA[java.lang.AssertionError: Product 'rs. 1200
little girls mr. panda shirt
add to cart
view product' does not contain search keyword: Top expected [true] but found [false]
at Product_TestCases.SearchProduct_CartLogin.validateSearchResultsContainKeyword(SearchProduct_CartLogin.java:303)
at Product_TestCases.SearchProduct_CartLogin.SearchProducts_and_VerifyCartAfterLogin(SearchProduct_CartLogin.java:247)
at java.base/java.util.ArrayList.forEach(ArrayList.java:1604)
... Removed 32 stack frames]]>
    </failure>
  </testcase> <!-- SearchProducts_and_VerifyCartAfterLogin -->
  <testcase classname="Product_TestCases.SearchProduct_CartLogin" name="SearchProducts_and_VerifyCartAfterLogin" time="48.525"/>
</testsuite> <!-- Product_TestCases -->
